<?xml version="1.0" encoding="UTF-8"?>
<testsuite xmlns:xsi="http://www.w3.org/2001/XMLSchema-instance" xsi:noNamespaceSchemaLocation="https://maven.apache.org/surefire/maven-surefire-plugin/xsd/surefire-test-report-3.0.xsd" version="3.0" name="TestSuite" time="80.181" tests="4" errors="0" skipped="0" failures="0">
  <properties>
[...]
</properties>
  <testcase name="verifyAllElementsOnHomePage" classname="com.sample.testScript.Scripts" time="1.628">
    <system-out><![CDATA[&amp#27;[35m[Appium]&amp#27;[39m Welcome to Appium v2.0.0-beta.46
&amp#27;[35m[Appium]&amp#27;[39m Non-default server args:
&amp#27;[35m[Appium]&amp#27;[39m { address: &amp#27;[32m'127.0.0.1'&amp#27;[39m, basePath: &amp#27;[32m'/wd/hub'&amp#27;[39m, localTimezone: &amp#27;[33mtrue&amp#27;[39m, port: &amp#27;[33m13753&amp#27;[39m }
&amp#27;[35m[Appium]&amp#27;[39m Attempting to load driver uiautomator2...
[debug] &amp#27;[35m[Appium]&amp#27;[39m Requiring driver at /Users/AshishSrivastava/.appium/node_modules/appium-uiautomator2-driver
&amp#27;[35m[Appium]&amp#27;[39m Attempting to load driver xcuitest...
[debug] &amp#27;[35m[Appium]&amp#27;[39m Requiring driver at /Users/AshishSrivastava/.appium/node_modules/appium-xcuitest-driver
&amp#27;[35m[Appium]&amp#27;[39m Appium REST http interface listener started on 127.0.0.1:13753
&amp#27;[35m[Appium]&amp#27;[39m Available drivers:
&amp#27;[35m[Appium]&amp#27;[39m   - uiautomator2@2.10.2 (automationName 'UiAutomator2')
&amp#27;[35m[Appium]&amp#27;[39m   - xcuitest@4.12.2 (automationName 'XCUITest')
&amp#27;[35m[Appium]&amp#27;[39m No plugins have been installed. Use the "appium plugin" command to install the one(s) you want to use.
&amp#27;[35m[HTTP]&amp#27;[39m &amp#27;[37m-->&amp#27;[39m &amp#27;[37mGET&amp#27;[39m &amp#27;[37m/wd/hub/status&amp#27;[39m
&amp#27;[35m[HTTP]&amp#27;[39m &amp#27;[90m{}&amp#27;[39m
[debug] &amp#27;[35m[AppiumDriver@3610]&amp#27;[39m Calling AppiumDriver.getStatus() with args: []
[debug] &amp#27;[35m[AppiumDriver@3610]&amp#27;[39m Responding to client with driver.getStatus() result: {"build":{"version":"2.0.0-beta.46"}}
&amp#27;[35m[HTTP]&amp#27;[39m &amp#27;[37m<-- GET /wd/hub/status &amp#27;[39m&amp#27;[32m200&amp#27;[39m &amp#27;[90m7 ms - 47&amp#27;[39m
&amp#27;[35m[HTTP]&amp#27;[39m &amp#27;[90m&amp#27;[39m
&amp#27;[35m[HTTP]&amp#27;[39m &amp#27;[37m-->&amp#27;[39m &amp#27;[37mPOST&amp#27;[39m &amp#27;[37m/wd/hub/session&amp#27;[39m
&amp#27;[35m[HTTP]&amp#27;[39m &amp#27;[90m{"desiredCapabilities":{"app":"src/main/resources/testApp.apk","appActivity":"io.selendroid.testapp.HomeScreenActivity","appPackage":"io.selendroid.testapp","noReset":false,"platformVersion":"11.0","automationName":"UiAutomator2","autoGrantPermissions":true,"platformName":"android","deviceName":"Emulator_Pixel_5","fullReset":false},"capabilities":{"firstMatch":[{"appium:app":"src/main/resources/testApp.apk","appium:appActivity":"io.selendroid.testapp.HomeScreenActivity","appium:appPackage":"io.selendroid.testapp","appium:autoGrantPermissions":true,"appium:automationName":"UiAutomator2","appium:deviceName":"Emulator_Pixel_5","appium:fullReset":false,"appium:noReset":false,"platformName":"android","appium:platformVersion":"11.0"}]}}&amp#27;[39m
[debug] &amp#27;[35m[AppiumDriver@3610]&amp#27;[39m Calling AppiumDriver.createSession() with args: [{"app":"src/main/resources/testApp.apk","appActivity":"io.selendroid.testapp.HomeScreenActivity","appPackage":"io.selendroid.testapp","noReset":false,"platformVersion":"11.0","automationName":"UiAutomator2","autoGrantPermissions":true,"platformName":"android","deviceName":"Emulator_Pixel_5","fullReset":false},null,{"firstMatch":[{"appium:app":"src/main/resources/testApp.apk","appium:appActivity":"io.selendroid.testapp.HomeScreenActivity","appium:appPackage":"io.selendroid.testapp","appium:autoGrantPermissions":true,"appium:automationName":"UiAutomator2","appium:deviceName":"Emulator_Pixel_5","appium:fullReset":false,"appium:noReset":false,"platformName":"android","appium:platformVersion":"11.0"}]}]
[debug] &amp#27;[35m[AppiumDriver@3610]&amp#27;[39m Event 'newSessionRequested' logged at 1673469635362 (02:10:35 GMT+0530 (India Standard Time))
&amp#27;[35m[Appium]&amp#27;[39m Attempting to find matching driver for automationName 'UiAutomator2' and platformName 'android'
&amp#27;[35m[Appium]&amp#27;[39m The 'uiautomator2' driver was installed and matched caps.
&amp#27;[35m[Appium]&amp#27;[39m Will require it at /Users/AshishSrivastava/.appium/node_modules/appium-uiautomator2-driver
[debug] &amp#27;[35m[Appium]&amp#27;[39m Requiring driver at /Users/AshishSrivastava/.appium/node_modules/appium-uiautomator2-driver
&amp#27;[35m[AppiumDriver@3610]&amp#27;[39m Appium v2.0.0-beta.46 creating new AndroidUiautomator2Driver (v2.10.2) session
&amp#27;[35m[AppiumDriver@3610]&amp#27;[39m Checking BaseDriver versions for Appium and AndroidUiautomator2Driver
&amp#27;[35m[AppiumDriver@3610]&amp#27;[39m Appium's BaseDriver version is 8.7.3
&amp#27;[35m[AppiumDriver@3610]&amp#27;[39m AndroidUiautomator2Driver's BaseDriver version is 8.7.3
[debug] &amp#27;[35m[AndroidUiautomator2Driver@08d9]&amp#27;[39m Creating session with W3C capabilities: {
[debug] &amp#27;[35m[AndroidUiautomator2Driver@08d9]&amp#27;[39m   "alwaysMatch": {
[debug] &amp#27;[35m[AndroidUiautomator2Driver@08d9]&amp#27;[39m     "platformName": "android",
[debug] &amp#27;[35m[AndroidUiautomator2Driver@08d9]&amp#27;[39m     "appium:app": "src/main/resources/testApp.apk",
[debug] &amp#27;[35m[AndroidUiautomator2Driver@08d9]&amp#27;[39m     "appium:appActivity": "io.selendroid.testapp.HomeScreenActivity",
[debug] &amp#27;[35m[AndroidUiautomator2Driver@08d9]&amp#27;[39m     "appium:appPackage": "io.selendroid.testapp",
[debug] &amp#27;[35m[AndroidUiautomator2Driver@08d9]&amp#27;[39m     "appium:autoGrantPermissions": true,
[debug] &amp#27;[35m[AndroidUiautomator2Driver@08d9]&amp#27;[39m     "appium:automationName": "UiAutomator2",
[debug] &amp#27;[35m[AndroidUiautomator2Driver@08d9]&amp#27;[39m     "appium:deviceName": "Emulator_Pixel_5",
[debug] &amp#27;[35m[AndroidUiautomator2Driver@08d9]&amp#27;[39m     "appium:fullReset": false,
[debug] &amp#27;[35m[AndroidUiautomator2Driver@08d9]&amp#27;[39m     "appium:noReset": false,
[debug] &amp#27;[35m[AndroidUiautomator2Driver@08d9]&amp#27;[39m     "appium:platformVersion": "11.0"
[debug] &amp#27;[35m[AndroidUiautomator2Driver@08d9]&amp#27;[39m   },
[debug] &amp#27;[35m[AndroidUiautomator2Driver@08d9]&amp#27;[39m   "firstMatch": [
[debug] &amp#27;[35m[AndroidUiautomator2Driver@08d9]&amp#27;[39m     {}
[debug] &amp#27;[35m[AndroidUiautomator2Driver@08d9]&amp#27;[39m   ]
[debug] &amp#27;[35m[AndroidUiautomator2Driver@08d9]&amp#27;[39m }
&amp#27;[35m[AndroidUiautomator2Driver@08d9 (1900ec2c)]&amp#27;[39m Session created with session id: 1900ec2c-416d-476d-9ebe-0795afa97fa8
&amp#27;[35m[BaseDriver]&amp#27;[39m Using local app 'src/main/resources/testApp.apk'
&amp#27;[35m[BaseDriver]&amp#27;[39m The current application path 'src/main/resources/testApp.apk' is not absolute and has been rewritten to '/Users/AshishSrivastava/Automation/SampleProject/src/main/resources/testApp.apk'. Consider using absolute paths rather than relative
[debug] &amp#27;[35m[AndroidUiautomator2Driver@08d9 (1900ec2c)]&amp#27;[39m Checking whether app is actually present
&amp#27;[35m[ADB]&amp#27;[39m Found 2 'build-tools' folders under '/Users/AshishSrivastava/Library/Android/sdk' (newest first):
&amp#27;[35m[ADB]&amp#27;[39m     /Users/AshishSrivastava/Library/Android/sdk/build-tools/31.0.0
&amp#27;[35m[ADB]&amp#27;[39m     /Users/AshishSrivastava/Library/Android/sdk/build-tools/30.0.3
&amp#27;[35m[ADB]&amp#27;[39m Using 'adb' from '/Users/AshishSrivastava/Library/Android/sdk/platform-tools/adb'
[debug] &amp#27;[35m[ADB]&amp#27;[39m Running '/Users/AshishSrivastava/Library/Android/sdk/platform-tools/adb -P 5037 start-server'
&amp#27;[35m[AndroidDriver]&amp#27;[39m Retrieving device list
[debug] &amp#27;[35m[ADB]&amp#27;[39m Trying to find a connected android device
[debug] &amp#27;[35m[ADB]&amp#27;[39m Getting connected devices
[debug] &amp#27;[35m[ADB]&amp#27;[39m Connected devices: [{"udid":"emulator-5554","state":"device"}]
&amp#27;[35m[AndroidDriver]&amp#27;[39m Looking for a device with Android '11.0.0'
[debug] &amp#27;[35m[ADB]&amp#27;[39m Setting device id to emulator-5554
&amp#27;[35m[ADB]&amp#27;[39m Getting device platform version
[debug] &amp#27;[35m[ADB]&amp#27;[39m Running '/Users/AshishSrivastava/Library/Android/sdk/platform-tools/adb -P 5037 -s emulator-5554 shell getprop ro.build.version.release'
[debug] &amp#27;[35m[ADB]&amp#27;[39m Current device property 'ro.build.version.release': 11
&amp#27;[35m[AndroidDriver]&amp#27;[39m Using device: emulator-5554
&amp#27;[35m[ADB]&amp#27;[39m Using 'adb' from '/Users/AshishSrivastava/Library/Android/sdk/platform-tools/adb'
[debug] &amp#27;[35m[ADB]&amp#27;[39m Running '/Users/AshishSrivastava/Library/Android/sdk/platform-tools/adb -P 5037 start-server'
[debug] &amp#27;[35m[ADB]&amp#27;[39m Setting device id to emulator-5554
[debug] &amp#27;[35m[ADB]&amp#27;[39m Running '/Users/AshishSrivastava/Library/Android/sdk/platform-tools/adb -P 5037 -s emulator-5554 shell getprop ro.build.version.sdk'
[debug] &amp#27;[35m[ADB]&amp#27;[39m Current device property 'ro.build.version.sdk': 30
&amp#27;[35m[ADB]&amp#27;[39m Getting device platform version
[debug] &amp#27;[35m[ADB]&amp#27;[39m Running '/Users/AshishSrivastava/Library/Android/sdk/platform-tools/adb -P 5037 -s emulator-5554 shell getprop ro.build.version.release'
[debug] &amp#27;[35m[ADB]&amp#27;[39m Current device property 'ro.build.version.release': 11
[debug] &amp#27;[35m[ADB]&amp#27;[39m Device API level: 30
&amp#27;[35m[AndroidUiautomator2Driver@08d9 (1900ec2c)]&amp#27;[39m Relaxing hidden api policy
[debug] &amp#27;[35m[ADB]&amp#27;[39m Running '/Users/AshishSrivastava/Library/Android/sdk/platform-tools/adb -P 5037 -s emulator-5554 shell 'settings put global hidden_api_policy_pre_p_apps 1;settings put global hidden_api_policy_p_apps 1;settings put global hidden_api_policy 1''
[debug] &amp#27;[35m[ADB]&amp#27;[39m Running '/Users/AshishSrivastava/Library/Android/sdk/platform-tools/adb -P 5037 -s emulator-5554 wait-for-device'
[debug] &amp#27;[35m[ADB]&amp#27;[39m Running '/Users/AshishSrivastava/Library/Android/sdk/platform-tools/adb -P 5037 -s emulator-5554 shell echo ping'
[debug] &amp#27;[35m[AndroidDriver]&amp#27;[39m Pushing settings apk to device...
[debug] &amp#27;[35m[ADB]&amp#27;[39m Getting install status for io.appium.settings
[debug] &amp#27;[35m[ADB]&amp#27;[39m Running '/Users/AshishSrivastava/Library/Android/sdk/platform-tools/adb -P 5037 -s emulator-5554 shell dumpsys package io.appium.settings'
[debug] &amp#27;[35m[ADB]&amp#27;[39m 'io.appium.settings' is installed
[debug] &amp#27;[35m[ADB]&amp#27;[39m Getting package info for 'io.appium.settings'
[debug] &amp#27;[35m[ADB]&amp#27;[39m Running '/Users/AshishSrivastava/Library/Android/sdk/platform-tools/adb -P 5037 -s emulator-5554 shell dumpsys package io.appium.settings'
[debug] &amp#27;[35m[ADB]&amp#27;[39m The version name of the installed 'io.appium.settings' is greater or equal to the application version name ('4.2.3' >= '4.2.3')
[debug] &amp#27;[35m[ADB]&amp#27;[39m There is no need to install/upgrade '/Users/AshishSrivastava/.appium/node_modules/appium-uiautomator2-driver/node_modules/io.appium.settings/apks/settings_apk-debug.apk'
[debug] &amp#27;[35m[ADB]&amp#27;[39m Getting IDs of all 'io.appium.settings' processes
[debug] &amp#27;[35m[ADB]&amp#27;[39m Running '/Users/AshishSrivastava/Library/Android/sdk/platform-tools/adb -P 5037 -s emulator-5554 shell 'pgrep --help; echo $?''
[debug] &amp#27;[35m[ADB]&amp#27;[39m Running '/Users/AshishSrivastava/Library/Android/sdk/platform-tools/adb -P 5037 -s emulator-5554 shell pgrep -f \(\[\[:blank:\]\]\|\^\)io\.appium\.settings\(\[\[:blank:\]\]\|\$\)'
[debug] &amp#27;[35m[AndroidDriver]&amp#27;[39m io.appium.settings is already running. There is no need to reset its permissions.
[debug] &amp#27;[35m[Logcat]&amp#27;[39m Starting logs capture with command: /Users/AshishSrivastava/Library/Android/sdk/platform-tools/adb -P 5037 -s emulator-5554 logcat -v threadtime
[debug] &amp#27;[35m[AndroidUiautomator2Driver@08d9 (1900ec2c)]&amp#27;[39m Forwarding UiAutomator2 Server port 6790 to local port 8200
[debug] &amp#27;[35m[ADB]&amp#27;[39m Forwarding system: 8200 to device: 6790
[debug] &amp#27;[35m[ADB]&amp#27;[39m Running '/Users/AshishSrivastava/Library/Android/sdk/platform-tools/adb -P 5037 -s emulator-5554 forward tcp:8200 tcp:6790'
[debug] &amp#27;[35m[ADB]&amp#27;[39m Getting install status for io.appium.uiautomator2.server
[debug] &amp#27;[35m[ADB]&amp#27;[39m Running '/Users/AshishSrivastava/Library/Android/sdk/platform-tools/adb -P 5037 -s emulator-5554 shell dumpsys package io.appium.uiautomator2.server'
[debug] &amp#27;[35m[ADB]&amp#27;[39m 'io.appium.uiautomator2.server' is installed
[debug] &amp#27;[35m[ADB]&amp#27;[39m Getting package info for 'io.appium.uiautomator2.server'
[debug] &amp#27;[35m[ADB]&amp#27;[39m Running '/Users/AshishSrivastava/Library/Android/sdk/platform-tools/adb -P 5037 -s emulator-5554 shell dumpsys package io.appium.uiautomator2.server'
[debug] &amp#27;[35m[ADB]&amp#27;[39m The version name of the installed 'io.appium.uiautomator2.server' is greater or equal to the application version name ('5.7.4' >= '5.7.4')
[debug] &amp#27;[35m[AndroidUiautomator2Driver@08d9 (1900ec2c)]&amp#27;[39m io.appium.uiautomator2.server installation state: sameVersionInstalled
[debug] &amp#27;[35m[ADB]&amp#27;[39m Checking app cert for /Users/AshishSrivastava/.appium/node_modules/appium-uiautomator2-driver/node_modules/appium-uiautomator2-server/apks/appium-uiautomator2-server-v5.7.4.apk
&amp#27;[35m[ADB]&amp#27;[39m Using 'apksigner.jar' from '/Users/AshishSrivastava/Library/Android/sdk/build-tools/31.0.0/lib/apksigner.jar'
[debug] &amp#27;[35m[ADB]&amp#27;[39m Starting apksigner: /Library/Java/JavaVirtualMachines/jdk-11.0.12.jdk/Contents/Home/bin/java -Xmx1024M -Xss1m -jar /Users/AshishSrivastava/Library/Android/sdk/build-tools/31.0.0/lib/apksigner.jar verify --print-certs /Users/AshishSrivastava/.appium/node_modules/appium-uiautomator2-driver/node_modules/appium-uiautomator2-server/apks/appium-uiautomator2-server-v5.7.4.apk
[debug] &amp#27;[35m[ADB]&amp#27;[39m apksigner stdout: Signer #1 certificate DN: EMAILADDRESS=android@android.com, CN=Android, OU=Android, O=Android, L=Mountain View, ST=California, C=US
[debug] &amp#27;[35m[ADB]&amp#27;[39m Signer #1 certificate SHA-256 digest: a40da80a59d170caa950cf15c18c454d47a39b26989d8b640ecd745ba71bf5dc
[debug] &amp#27;[35m[ADB]&amp#27;[39m Signer #1 certificate SHA-1 digest: 61ed377e85d386a8dfee6b864bd85b0bfaa5af81
[debug] &amp#27;[35m[ADB]&amp#27;[39m Signer #1 certificate MD5 digest: e89b158e4bcf988ebd09eb83f5378e87
[debug] &amp#27;[35m[ADB]&amp#27;[39m 
[debug] &amp#27;[35m[ADB]&amp#27;[39m sha256 hash did match for 'appium-uiautomator2-server-v5.7.4.apk'
&amp#27;[35m[ADB]&amp#27;[39m '/Users/AshishSrivastava/.appium/node_modules/appium-uiautomator2-driver/node_modules/appium-uiautomator2-server/apks/appium-uiautomator2-server-v5.7.4.apk' is signed with the default certificate
[debug] &amp#27;[35m[ADB]&amp#27;[39m Getting install status for io.appium.uiautomator2.server.test
[debug] &amp#27;[35m[ADB]&amp#27;[39m Running '/Users/AshishSrivastava/Library/Android/sdk/platform-tools/adb -P 5037 -s emulator-5554 shell dumpsys package io.appium.uiautomator2.server.test'
[debug] &amp#27;[35m[ADB]&amp#27;[39m 'io.appium.uiautomator2.server.test' is installed
[debug] &amp#27;[35m[ADB]&amp#27;[39m Checking app cert for /Users/AshishSrivastava/.appium/node_modules/appium-uiautomator2-driver/node_modules/appium-uiautomator2-server/apks/appium-uiautomator2-server-debug-androidTest.apk
[debug] &amp#27;[35m[ADB]&amp#27;[39m Starting apksigner: /Library/Java/JavaVirtualMachines/jdk-11.0.12.jdk/Contents/Home/bin/java -Xmx1024M -Xss1m -jar /Users/AshishSrivastava/Library/Android/sdk/build-tools/31.0.0/lib/apksigner.jar verify --print-certs /Users/AshishSrivastava/.appium/node_modules/appium-uiautomator2-driver/node_modules/appium-uiautomator2-server/apks/appium-uiautomator2-server-debug-androidTest.apk
[debug] &amp#27;[35m[ADB]&amp#27;[39m apksigner stdout: Signer #1 certificate DN: EMAILADDRESS=android@android.com, CN=Android, OU=Android, O=Android, L=Mountain View, ST=California, C=US
[debug] &amp#27;[35m[ADB]&amp#27;[39m Signer #1 certificate SHA-256 digest: a40da80a59d170caa950cf15c18c454d47a39b26989d8b640ecd745ba71bf5dc
[debug] &amp#27;[35m[ADB]&amp#27;[39m Signer #1 certificate SHA-1 digest: 61ed377e85d386a8dfee6b864bd85b0bfaa5af81
[debug] &amp#27;[35m[ADB]&amp#27;[39m Signer #1 certificate MD5 digest: e89b158e4bcf988ebd09eb83f5378e87
[debug] &amp#27;[35m[ADB]&amp#27;[39m 
[debug] &amp#27;[35m[ADB]&amp#27;[39m sha256 hash did match for 'appium-uiautomator2-server-debug-androidTest.apk'
&amp#27;[35m[ADB]&amp#27;[39m '/Users/AshishSrivastava/.appium/node_modules/appium-uiautomator2-driver/node_modules/appium-uiautomator2-server/apks/appium-uiautomator2-server-debug-androidTest.apk' is signed with the default certificate
&amp#27;[35m[AndroidUiautomator2Driver@08d9 (1900ec2c)]&amp#27;[39m Server packages are not going to be (re)installed
[debug] &amp#27;[35m[AndroidUiautomator2Driver@08d9 (1900ec2c)]&amp#27;[39m Waiting up to 30000ms for services to be available
[debug] &amp#27;[35m[ADB]&amp#27;[39m Running '/Users/AshishSrivastava/Library/Android/sdk/platform-tools/adb -P 5037 -s emulator-5554 shell pm list instrumentation'
[debug] &amp#27;[35m[AndroidUiautomator2Driver@08d9 (1900ec2c)]&amp#27;[39m Instrumentation target 'io.appium.uiautomator2.server.test/androidx.test.runner.AndroidJUnitRunner' is available
&amp#27;[35m[ADB]&amp#27;[39m Adding packages ["io.appium.settings","io.appium.uiautomator2.server","io.appium.uiautomator2.server.test"] to Doze whitelist
[debug] &amp#27;[35m[ADB]&amp#27;[39m Got the following command chunks to execute: [["dumpsys","deviceidle","whitelist","+io.appium.settings",";","dumpsys","deviceidle","whitelist","+io.appium.uiautomator2.server",";","dumpsys","deviceidle","whitelist","+io.appium.uiautomator2.server.test",";"]]
[debug] &amp#27;[35m[ADB]&amp#27;[39m Running '/Users/AshishSrivastava/Library/Android/sdk/platform-tools/adb -P 5037 -s emulator-5554 shell dumpsys deviceidle whitelist +io.appium.settings ; dumpsys deviceidle whitelist +io.appium.uiautomator2.server ; dumpsys deviceidle whitelist +io.appium.uiautomator2.server.test ;'
[debug] &amp#27;[35m[ADB]&amp#27;[39m Checking app cert for /Users/AshishSrivastava/Automation/SampleProject/src/main/resources/testApp.apk
[debug] &amp#27;[35m[ADB]&amp#27;[39m Starting apksigner: /Library/Java/JavaVirtualMachines/jdk-11.0.12.jdk/Contents/Home/bin/java -Xmx1024M -Xss1m -jar /Users/AshishSrivastava/Library/Android/sdk/build-tools/31.0.0/lib/apksigner.jar verify --print-certs /Users/AshishSrivastava/Automation/SampleProject/src/main/resources/testApp.apk
[debug] &amp#27;[35m[ADB]&amp#27;[39m apksigner stdout: Signer #1 certificate DN: CN=Android Debug, O=Android, C=US
[debug] &amp#27;[35m[ADB]&amp#27;[39m Signer #1 certificate SHA-256 digest: 63b2894fec0a525b35d117ea5426a36294ddaa82fe4d468ce771160db3259c70
[debug] &amp#27;[35m[ADB]&amp#27;[39m Signer #1 certificate SHA-1 digest: 4432aa54c71cb964c4b39a666fe9c44dbd796d00
[debug] &amp#27;[35m[ADB]&amp#27;[39m Signer #1 certificate MD5 digest: e353ebe9dec9698a98cbc202e86010a6
[debug] &amp#27;[35m[ADB]&amp#27;[39m 
&amp#27;[35m[ADB]&amp#27;[39m '/Users/AshishSrivastava/Automation/SampleProject/src/main/resources/testApp.apk' is signed with a non-default certificate
[debug] &amp#27;[35m[ADB]&amp#27;[39m Getting install status for io.selendroid.testapp
[debug] &amp#27;[35m[ADB]&amp#27;[39m Running '/Users/AshishSrivastava/Library/Android/sdk/platform-tools/adb -P 5037 -s emulator-5554 shell dumpsys package io.selendroid.testapp'
[debug] &amp#27;[35m[ADB]&amp#27;[39m 'io.selendroid.testapp' is not installed
[debug] &amp#27;[35m[ADB]&amp#27;[39m App '/Users/AshishSrivastava/Automation/SampleProject/src/main/resources/testApp.apk' is not installed
[debug] &amp#27;[35m[ADB]&amp#27;[39m Installing '/Users/AshishSrivastava/Automation/SampleProject/src/main/resources/testApp.apk'
[debug] &amp#27;[35m[ADB]&amp#27;[39m Running '/Users/AshishSrivastava/Library/Android/sdk/platform-tools/adb -P 5037 -s emulator-5554 help'
[debug] &amp#27;[35m[ADB]&amp#27;[39m Running '/Users/AshishSrivastava/Library/Android/sdk/platform-tools/adb -P 5037 -s emulator-5554 features'
&amp#27;[35m[ADB]&amp#27;[39m The application at '/Users/AshishSrivastava/Automation/SampleProject/src/main/resources/testApp.apk' will not be cached, because the device under test has confirmed the support of streamed installs
[debug] &amp#27;[35m[ADB]&amp#27;[39m Running '/Users/AshishSrivastava/Library/Android/sdk/platform-tools/adb -P 5037 -s emulator-5554 install -g /Users/AshishSrivastava/Automation/SampleProject/src/main/resources/testApp.apk'
&amp#27;[35m[ADB]&amp#27;[39m The installation of 'testApp.apk' took 378ms
[debug] &amp#27;[35m[ADB]&amp#27;[39m Install command stdout: Performing Streamed Install
[debug] &amp#27;[35m[ADB]&amp#27;[39m Success
[debug] &amp#27;[35m[AndroidUiautomator2Driver@08d9 (1900ec2c)]&amp#27;[39m Performing shallow cleanup of automation leftovers
[debug] &amp#27;[35m[AndroidUiautomator2Driver@08d9 (1900ec2c)]&amp#27;[39m No obsolete sessions have been detected (socket hang up)
[debug] &amp#27;[35m[ADB]&amp#27;[39m Running '/Users/AshishSrivastava/Library/Android/sdk/platform-tools/adb -P 5037 -s emulator-5554 shell am force-stop io.appium.uiautomator2.server.test'
&amp#27;[35m[AndroidUiautomator2Driver@08d9 (1900ec2c)]&amp#27;[39m Starting UIAutomator2 server 5.7.4
&amp#27;[35m[AndroidUiautomator2Driver@08d9 (1900ec2c)]&amp#27;[39m Using UIAutomator2 server from '/Users/AshishSrivastava/.appium/node_modules/appium-uiautomator2-driver/node_modules/appium-uiautomator2-server/apks/appium-uiautomator2-server-v5.7.4.apk' and test from '/Users/AshishSrivastava/.appium/node_modules/appium-uiautomator2-driver/node_modules/appium-uiautomator2-server/apks/appium-uiautomator2-server-debug-androidTest.apk'
&amp#27;[35m[AndroidUiautomator2Driver@08d9 (1900ec2c)]&amp#27;[39m Waiting up to 30000ms for UiAutomator2 to be online...
[debug] &amp#27;[35m[ADB]&amp#27;[39m Creating ADB subprocess with args: ["-P",5037,"-s","emulator-5554","shell","am","instrument","-w","-e","disableAnalytics",true,"io.appium.uiautomator2.server.test/androidx.test.runner.AndroidJUnitRunner"]
[debug] &amp#27;[35m[AndroidUiautomator2Driver@08d9 (1900ec2c)]&amp#27;[39m Matched '/status' to command name 'getStatus'
[debug] &amp#27;[35m[AndroidUiautomator2Driver@08d9 (1900ec2c)]&amp#27;[39m Proxying [GET /status] to [GET http://127.0.0.1:8200/status] with no body
&amp#27;[35m[AndroidUiautomator2Driver@08d9 (1900ec2c)]&amp#27;[39m socket hang up
[debug] &amp#27;[35m[AndroidUiautomator2Driver@08d9 (1900ec2c)]&amp#27;[39m Matched '/status' to command name 'getStatus'
[debug] &amp#27;[35m[AndroidUiautomator2Driver@08d9 (1900ec2c)]&amp#27;[39m Proxying [GET /status] to [GET http://127.0.0.1:8200/status] with no body
&amp#27;[35m[AndroidUiautomator2Driver@08d9 (1900ec2c)]&amp#27;[39m socket hang up
[debug] &amp#27;[35m[Instrumentation]&amp#27;[39m io.appium.uiautomator2.server.test.AppiumUiAutomator2Server:
[debug] &amp#27;[35m[AndroidUiautomator2Driver@08d9 (1900ec2c)]&amp#27;[39m Matched '/status' to command name 'getStatus'
[debug] &amp#27;[35m[AndroidUiautomator2Driver@08d9 (1900ec2c)]&amp#27;[39m Proxying [GET /status] to [GET http://127.0.0.1:8200/status] with no body
&amp#27;[35m[AndroidUiautomator2Driver@08d9 (1900ec2c)]&amp#27;[39m socket hang up
[debug] &amp#27;[35m[AndroidUiautomator2Driver@08d9 (1900ec2c)]&amp#27;[39m Matched '/status' to command name 'getStatus'
[debug] &amp#27;[35m[AndroidUiautomator2Driver@08d9 (1900ec2c)]&amp#27;[39m Proxying [GET /status] to [GET http://127.0.0.1:8200/status] with no body
&amp#27;[35m[AndroidUiautomator2Driver@08d9 (1900ec2c)]&amp#27;[39m socket hang up
[debug] &amp#27;[35m[AndroidUiautomator2Driver@08d9 (1900ec2c)]&amp#27;[39m Matched '/status' to command name 'getStatus'
[debug] &amp#27;[35m[AndroidUiautomator2Driver@08d9 (1900ec2c)]&amp#27;[39m Proxying [GET /status] to [GET http://127.0.0.1:8200/status] with no body
[debug] &amp#27;[35m[AndroidUiautomator2Driver@08d9 (1900ec2c)]&amp#27;[39m Got response with status 200: {"sessionId":"None","value":{"message":"UiAutomator2 Server is ready to accept commands","ready":true}}
[debug] &amp#27;[35m[AndroidUiautomator2Driver@08d9 (1900ec2c)]&amp#27;[39m The initialization of the instrumentation process took 4213ms
[debug] &amp#27;[35m[AndroidUiautomator2Driver@08d9 (1900ec2c)]&amp#27;[39m Matched '/session' to command name 'createSession'
[debug] &amp#27;[35m[AndroidUiautomator2Driver@08d9 (1900ec2c)]&amp#27;[39m Proxying [POST /session] to [POST http://127.0.0.1:8200/session] with body: {"capabilities":{"firstMatch":[{"platform":"LINUX","webStorageEnabled":false,"takesScreenshot":true,"javascriptEnabled":true,"databaseEnabled":false,"networkConnectionEnabled":true,"locationContextEnabled":false,"warnings":{},"desired":{"platformName":"android","app":"src/main/resources/testApp.apk","appActivity":"io.selendroid.testapp.HomeScreenActivity","appPackage":"io.selendroid.testapp","autoGrantPermissions":true,"automationName":"UiAutomator2","deviceName":"Emulator_Pixel_5","fullReset":false,"noReset":false,"platformVersion":"11.0"},"platformName":"android","app":"src/main/resources/testApp.apk","appActivity":"io.selendroid.testapp.HomeScreenActivity","appPackage":"io.selendroid.testapp","autoGrantPermissions":true,"automationName":"UiAutomator2","deviceName":"emulator-5554","fullReset":false,"noReset":false,"platformVersion":"11.0","deviceUDID":"emulator-5554"}],"alwaysMatch":{}}}
[debug] &amp#27;[35m[AndroidUiautomator2Driver@08d9 (1900ec2c)]&amp#27;[39m Got response with status 200: {"sessionId":"db22a7c0-2320-4369-8011-1dc9eb44d7d6","value":{"capabilities":{"firstMatch":[{"platform":"LINUX","webStorageEnabled":false,"takesScreenshot":true,"javascriptEnabled":true,"databaseEnabled":false,"networkConnectionEnabled":true,"locationContextEnabled":false,"warnings":{},"desired":{"platformName":"android","app":"src/main/resources/testApp.apk","appActivity":"io.selendroid.testapp.HomeScreenActivity","appPackage":"io.selendroid.testapp","autoGrantPermissions":true,"automationName":"UiAutomator2","deviceName":"Emulator_Pixel_5","fullReset":false,"noReset":false,"platformVersion":"11.0"},"platformName":"android","app":"src/main/resources/testApp.apk","appActivity":"io.selendroid.testapp.HomeScreenActivity","appPackage":"io.selendroid.testapp","autoGrantPermissions":true,"automationName":"UiAutomator2","deviceName":"emulator-5554","fullReset":false,"noReset":false,"platformVersion":"11.0","deviceUDID":"emulator-5554"}],"alwaysMatch":{}},"sessionId":"db22a7c0-2320-4369-8011-1dc9eb44d7d6"}}
&amp#27;[35m[AndroidUiautomator2Driver@08d9 (1900ec2c)]&amp#27;[39m Determined the downstream protocol as 'W3C'
[debug] &amp#27;[35m[AndroidUiautomator2Driver@08d9 (1900ec2c)]&amp#27;[39m Proxying [GET /appium/device/info] to [GET http://127.0.0.1:8200/session/db22a7c0-2320-4369-8011-1dc9eb44d7d6/appium/device/info] with no body
[debug] &amp#27;[35m[AndroidUiautomator2Driver@08d9 (1900ec2c)]&amp#27;[39m Got response with status 200: {"sessionId":"db22a7c0-2320-4369-8011-1dc9eb44d7d6","value":{"androidId":"ba81be7a41d4ffca","apiVersion":"30","bluetooth":{"state":"ON"},"brand":"Android","carrierName":"Android","displayDensity":440,"locale":"en_US","manufacturer":"unknown","model":"Android SDK built for x86","networks":[{"capabilities":{"SSID":null,"linkDownBandwidthKbps":30000,"linkUpstreamBandwidthKbps":15000,"networkCapabilities":"NET_CAPABILITY_MMS,NET_CAPABILITY_SUPL,NET_CAPABILITY_DUN,NET_CAPABILITY_FOTA,NET_CAPABILITY_IMS,NET_CAPABILITY_CBS,NET_CAPABILITY_INTERNET,NET_CAPABILITY_NOT_RESTRICTED,NET_CAPABILITY_TRUSTED,NET_CAPABILITY_NOT_VPN,NET_CAPABILITY_VALIDATED,NET_CAPABILITY_NOT_ROAMING,NET_CAPABILITY_NOT_CONGESTED,NET_CAPABILITY_NOT_SUSPENDED","signalStrength":-2147483648,"transportTypes":"TRANSPORT_CELLULAR"},"detailedState":"CONNECTED","extraInfo":"epc.tmobile.com","isAvailable":true,"isConnected":true,"isFailover":false,"isRoaming":false,"state":"CONNECTED","subtype":13,"subtypeName":"LTE","type":0,"typeName":"MOBILE"},{"ca...
[debug] &amp#27;[35m[ADB]&amp#27;[39m Running '/Users/AshishSrivastava/Library/Android/sdk/platform-tools/adb -P 5037 -s emulator-5554 shell dumpsys window'
&amp#27;[35m[AndroidDriver]&amp#27;[39m Screen already unlocked, doing nothing
&amp#27;[35m[AndroidUiautomator2Driver@08d9 (1900ec2c)]&amp#27;[39m Starting 'io.selendroid.testapp/io.selendroid.testapp.HomeScreenActivity and waiting for 'io.selendroid.testapp/io.selendroid.testapp.HomeScreenActivity'
[debug] &amp#27;[35m[ADB]&amp#27;[39m Running '/Users/AshishSrivastava/Library/Android/sdk/platform-tools/adb -P 5037 -s emulator-5554 shell am start -W -n io.selendroid.testapp/io.selendroid.testapp.HomeScreenActivity -S -a android.intent.action.MAIN -c android.intent.category.LAUNCHER -f 0x10200000'
[debug] &amp#27;[35m[AndroidUiautomator2Driver@08d9 (1900ec2c)]&amp#27;[39m Proxying [GET /appium/device/pixel_ratio] to [GET http://127.0.0.1:8200/session/db22a7c0-2320-4369-8011-1dc9eb44d7d6/appium/device/pixel_ratio] with no body
[debug] &amp#27;[35m[AndroidUiautomator2Driver@08d9 (1900ec2c)]&amp#27;[39m Got response with status 200: {"sessionId":"db22a7c0-2320-4369-8011-1dc9eb44d7d6","value":2.75}
[debug] &amp#27;[35m[AndroidUiautomator2Driver@08d9 (1900ec2c)]&amp#27;[39m Matched '/appium/device/system_bars' to command name 'getSystemBars'
[debug] &amp#27;[35m[AndroidUiautomator2Driver@08d9 (1900ec2c)]&amp#27;[39m Proxying [GET /appium/device/system_bars] to [GET http://127.0.0.1:8200/session/db22a7c0-2320-4369-8011-1dc9eb44d7d6/appium/device/system_bars] with no body
[debug] &amp#27;[35m[AndroidUiautomator2Driver@08d9 (1900ec2c)]&amp#27;[39m Got response with status 200: {"sessionId":"db22a7c0-2320-4369-8011-1dc9eb44d7d6","value":{"statusBar":135}}
[debug] &amp#27;[35m[AndroidUiautomator2Driver@08d9 (1900ec2c)]&amp#27;[39m Matched '/window/current/size' to command name 'getWindowSize'
[debug] &amp#27;[35m[AndroidUiautomator2Driver@08d9 (1900ec2c)]&amp#27;[39m Proxying [GET /window/current/size] to [GET http://127.0.0.1:8200/session/db22a7c0-2320-4369-8011-1dc9eb44d7d6/window/current/size] with no body
[debug] &amp#27;[35m[AndroidUiautomator2Driver@08d9 (1900ec2c)]&amp#27;[39m Got response with status 200: {"sessionId":"db22a7c0-2320-4369-8011-1dc9eb44d7d6","value":{"height":1977,"width":1080}}
&amp#27;[35m[AppiumDriver@3610]&amp#27;[39m New AndroidUiautomator2Driver session created successfully, session 1900ec2c-416d-476d-9ebe-0795afa97fa8 added to master session list
[debug] &amp#27;[35m[AppiumDriver@3610]&amp#27;[39m Event 'newSessionStarted' logged at 1673469645634 (02:10:45 GMT+0530 (India Standard Time))
[debug] &amp#27;[35m[AndroidUiautomator2Driver@08d9 (1900ec2c)]&amp#27;[39m Cached the protocol value 'W3C' for the new session 1900ec2c-416d-476d-9ebe-0795afa97fa8
[debug] &amp#27;[35m[AndroidUiautomator2Driver@08d9 (1900ec2c)]&amp#27;[39m Responding to client with driver.createSession() result: {"capabilities":{"platform":"LINUX","webStorageEnabled":false,"takesScreenshot":true,"javascriptEnabled":true,"databaseEnabled":false,"networkConnectionEnabled":true,"locationContextEnabled":false,"warnings":{},"desired":{"platformName":"android","app":"src/main/resources/testApp.apk","appActivity":"io.selendroid.testapp.HomeScreenActivity","appPackage":"io.selendroid.testapp","autoGrantPermissions":true,"automationName":"UiAutomator2","deviceName":"Emulator_Pixel_5","fullReset":false,"noReset":false,"platformVersion":"11.0"},"platformName":"android","app":"src/main/resources/testApp.apk","appActivity":"io.selendroid.testapp.HomeScreenActivity","appPackage":"io.selendroid.testapp","autoGrantPermissions":true,"automationName":"UiAutomator2","deviceName":"emulator-5554","fullReset":false,"noReset":false,"platformVersion":"11","deviceUDID":"emulator-5554","deviceApiLevel":30,"deviceScreenSize":"1080x2280","deviceScreenDensity":440,"deviceModel":"Android SDK built for x86","deviceManufacturer":"unknown","pixel...
&amp#27;[35m[HTTP]&amp#27;[39m &amp#27;[37m<-- POST /wd/hub/session &amp#27;[39m&amp#27;[32m200&amp#27;[39m &amp#27;[90m10275 ms - 1178&amp#27;[39m
&amp#27;[35m[HTTP]&amp#27;[39m &amp#27;[90m&amp#27;[39m
&amp#27;[35m[HTTP]&amp#27;[39m &amp#27;[37m-->&amp#27;[39m &amp#27;[37mPOST&amp#27;[39m &amp#27;[37m/wd/hub/session/1900ec2c-416d-476d-9ebe-0795afa97fa8/timeouts&amp#27;[39m
&amp#27;[35m[HTTP]&amp#27;[39m &amp#27;[90m{"implicit":5000}&amp#27;[39m
[debug] &amp#27;[35m[AndroidUiautomator2Driver@08d9 (1900ec2c)]&amp#27;[39m Calling AppiumDriver.timeouts() with args: [null,null,null,null,5000,"1900ec2c-416d-476d-9ebe-0795afa97fa8"]
[debug] &amp#27;[35m[AndroidUiautomator2Driver@08d9 (1900ec2c)]&amp#27;[39m W3C timeout argument: {"implicit":5000}}
[debug] &amp#27;[35m[AndroidUiautomator2Driver@08d9 (1900ec2c)]&amp#27;[39m Set implicit wait to 5000ms
[debug] &amp#27;[35m[AndroidUiautomator2Driver@08d9 (1900ec2c)]&amp#27;[39m Responding to client with driver.timeouts() result: null
&amp#27;[35m[HTTP]&amp#27;[39m &amp#27;[37m<-- POST /wd/hub/session/1900ec2c-416d-476d-9ebe-0795afa97fa8/timeouts &amp#27;[39m&amp#27;[32m200&amp#27;[39m &amp#27;[90m6 ms - 14&amp#27;[39m
&amp#27;[35m[HTTP]&amp#27;[39m &amp#27;[90m&amp#27;[39m
&amp#27;[35m[HTTP]&amp#27;[39m &amp#27;[37m-->&amp#27;[39m &amp#27;[37mGET&amp#27;[39m &amp#27;[37m/wd/hub/session/1900ec2c-416d-476d-9ebe-0795afa97fa8/context&amp#27;[39m
&amp#27;[35m[HTTP]&amp#27;[39m &amp#27;[90m{}&amp#27;[39m
[debug] &amp#27;[35m[AndroidUiautomator2Driver@08d9 (1900ec2c)]&amp#27;[39m Calling AppiumDriver.getCurrentContext() with args: ["1900ec2c-416d-476d-9ebe-0795afa97fa8"]
[debug] &amp#27;[35m[AndroidUiautomator2Driver@08d9 (1900ec2c)]&amp#27;[39m Responding to client with driver.getCurrentContext() result: "NATIVE_APP"
&amp#27;[35m[HTTP]&amp#27;[39m &amp#27;[37m<-- GET /wd/hub/session/1900ec2c-416d-476d-9ebe-0795afa97fa8/context &amp#27;[39m&amp#27;[32m200&amp#27;[39m &amp#27;[90m6 ms - 22&amp#27;[39m
&amp#27;[35m[HTTP]&amp#27;[39m &amp#27;[90m&amp#27;[39m
&amp#27;[35m[HTTP]&amp#27;[39m &amp#27;[37m-->&amp#27;[39m &amp#27;[37mPOST&amp#27;[39m &amp#27;[37m/wd/hub/session/1900ec2c-416d-476d-9ebe-0795afa97fa8/element&amp#27;[39m
&amp#27;[35m[HTTP]&amp#27;[39m &amp#27;[90m{"using":"xpath","value":"//android.widget.TextView[contains(@resource-id,'permissions_message')]"}&amp#27;[39m
[debug] &amp#27;[35m[AndroidUiautomator2Driver@08d9 (1900ec2c)]&amp#27;[39m Calling AppiumDriver.findElement() with args: ["xpath","//android.widget.TextView[contains(@resource-id,'permissions_message')]","1900ec2c-416d-476d-9ebe-0795afa97fa8"]
[debug] &amp#27;[35m[AndroidUiautomator2Driver@08d9 (1900ec2c)]&amp#27;[39m Valid locator strategies for this request: xpath, id, class name, accessibility id, css selector, -android uiautomator
[debug] &amp#27;[35m[AndroidUiautomator2Driver@08d9 (1900ec2c)]&amp#27;[39m Waiting up to 5000 ms for condition
[debug] &amp#27;[35m[AndroidUiautomator2Driver@08d9 (1900ec2c)]&amp#27;[39m Matched '/element' to command name 'findElement'
[debug] &amp#27;[35m[AndroidUiautomator2Driver@08d9 (1900ec2c)]&amp#27;[39m Proxying [POST /element] to [POST http://127.0.0.1:8200/session/db22a7c0-2320-4369-8011-1dc9eb44d7d6/element] with body: {"strategy":"xpath","selector":"//android.widget.TextView[contains(@resource-id,'permissions_message')]","context":"","multiple":false}
&amp#27;[35m[AndroidUiautomator2Driver@08d9 (1900ec2c)]&amp#27;[39m Got response with status 404: {"sessionId":"db22a7c0-2320-4369-8011-1dc9eb44d7d6","value":{"error":"no such element","message":"An element could not be located on the page using the given search parameters","stacktrace":"io.appium.uiautomator2.common.exceptions.ElementNotFoundException: An element could not be located on the page using the given search parameters\n\tat io.appium.uiautomator2.handler.FindElement.findElement(FindElement.java:90)\n\tat io.appium.uiautomator2.handler.FindElement.safeHandle(FindElement.java:67)\n\tat io.appium.uiautomator2.handler.request.SafeRequestHandler.handle(SafeRequestHandler.java:59)\n\tat io.appium.uiautomator2.server.AppiumServlet.handleRequest(AppiumServlet.java:267)\n\tat io.appium.uiautomator2.server.AppiumServlet.handleHttpRequest(AppiumServlet.java:261)\n\tat io.appium.uiautomator2.http.ServerHandler.channelRead(ServerHandler.java:68)\n\tat io.netty.channel.AbstractChannelHandlerContext.invokeChannelRead(AbstractChannelHandlerContext.java:366)\n\tat io.netty.channel.AbstractChannelHandlerCont...
[debug] &amp#27;[35m[W3C]&amp#27;[39m Matched W3C error code 'no such element' to NoSuchElementError
[debug] &amp#27;[35m[AndroidUiautomator2Driver@08d9 (1900ec2c)]&amp#27;[39m Waited for 596 ms so far
[debug] &amp#27;[35m[AndroidUiautomator2Driver@08d9 (1900ec2c)]&amp#27;[39m Matched '/element' to command name 'findElement'
[debug] &amp#27;[35m[AndroidUiautomator2Driver@08d9 (1900ec2c)]&amp#27;[39m Proxying [POST /element] to [POST http://127.0.0.1:8200/session/db22a7c0-2320-4369-8011-1dc9eb44d7d6/element] with body: {"strategy":"xpath","selector":"//android.widget.TextView[contains(@resource-id,'permissions_message')]","context":"","multiple":false}
&amp#27;[35m[AndroidUiautomator2Driver@08d9 (1900ec2c)]&amp#27;[39m Got response with status 404: {"sessionId":"db22a7c0-2320-4369-8011-1dc9eb44d7d6","value":{"error":"no such element","message":"An element could not be located on the page using the given search parameters","stacktrace":"io.appium.uiautomator2.common.exceptions.ElementNotFoundException: An element could not be located on the page using the given search parameters\n\tat io.appium.uiautomator2.handler.FindElement.findElement(FindElement.java:90)\n\tat io.appium.uiautomator2.handler.FindElement.safeHandle(FindElement.java:67)\n\tat io.appium.uiautomator2.handler.request.SafeRequestHandler.handle(SafeRequestHandler.java:59)\n\tat io.appium.uiautomator2.server.AppiumServlet.handleRequest(AppiumServlet.java:267)\n\tat io.appium.uiautomator2.server.AppiumServlet.handleHttpRequest(AppiumServlet.java:261)\n\tat io.appium.uiautomator2.http.ServerHandler.channelRead(ServerHandler.java:68)\n\tat io.netty.channel.AbstractChannelHandlerContext.invokeChannelRead(AbstractChannelHandlerContext.java:366)\n\tat io.netty.channel.AbstractChannelHandlerCont...
[debug] &amp#27;[35m[W3C]&amp#27;[39m Matched W3C error code 'no such element' to NoSuchElementError
[debug] &amp#27;[35m[AndroidUiautomator2Driver@08d9 (1900ec2c)]&amp#27;[39m Waited for 1140 ms so far
[debug] &amp#27;[35m[AndroidUiautomator2Driver@08d9 (1900ec2c)]&amp#27;[39m Matched '/element' to command name 'findElement'
[debug] &amp#27;[35m[AndroidUiautomator2Driver@08d9 (1900ec2c)]&amp#27;[39m Proxying [POST /element] to [POST http://127.0.0.1:8200/session/db22a7c0-2320-4369-8011-1dc9eb44d7d6/element] with body: {"strategy":"xpath","selector":"//android.widget.TextView[contains(@resource-id,'permissions_message')]","context":"","multiple":false}
&amp#27;[35m[AndroidUiautomator2Driver@08d9 (1900ec2c)]&amp#27;[39m Got response with status 404: {"sessionId":"db22a7c0-2320-4369-8011-1dc9eb44d7d6","value":{"error":"no such element","message":"An element could not be located on the page using the given search parameters","stacktrace":"io.appium.uiautomator2.common.exceptions.ElementNotFoundException: An element could not be located on the page using the given search parameters\n\tat io.appium.uiautomator2.handler.FindElement.findElement(FindElement.java:90)\n\tat io.appium.uiautomator2.handler.FindElement.safeHandle(FindElement.java:67)\n\tat io.appium.uiautomator2.handler.request.SafeRequestHandler.handle(SafeRequestHandler.java:59)\n\tat io.appium.uiautomator2.server.AppiumServlet.handleRequest(AppiumServlet.java:267)\n\tat io.appium.uiautomator2.server.AppiumServlet.handleHttpRequest(AppiumServlet.java:261)\n\tat io.appium.uiautomator2.http.ServerHandler.channelRead(ServerHandler.java:68)\n\tat io.netty.channel.AbstractChannelHandlerContext.invokeChannelRead(AbstractChannelHandlerContext.java:366)\n\tat io.netty.channel.AbstractChannelHandlerCont...
[debug] &amp#27;[35m[W3C]&amp#27;[39m Matched W3C error code 'no such element' to NoSuchElementError
[debug] &amp#27;[35m[AndroidUiautomator2Driver@08d9 (1900ec2c)]&amp#27;[39m Waited for 1687 ms so far
[debug] &amp#27;[35m[AndroidUiautomator2Driver@08d9 (1900ec2c)]&amp#27;[39m Matched '/element' to command name 'findElement'
[debug] &amp#27;[35m[AndroidUiautomator2Driver@08d9 (1900ec2c)]&amp#27;[39m Proxying [POST /element] to [POST http://127.0.0.1:8200/session/db22a7c0-2320-4369-8011-1dc9eb44d7d6/element] with body: {"strategy":"xpath","selector":"//android.widget.TextView[contains(@resource-id,'permissions_message')]","context":"","multiple":false}
&amp#27;[35m[AndroidUiautomator2Driver@08d9 (1900ec2c)]&amp#27;[39m Got response with status 404: {"sessionId":"db22a7c0-2320-4369-8011-1dc9eb44d7d6","value":{"error":"no such element","message":"An element could not be located on the page using the given search parameters","stacktrace":"io.appium.uiautomator2.common.exceptions.ElementNotFoundException: An element could not be located on the page using the given search parameters\n\tat io.appium.uiautomator2.handler.FindElement.findElement(FindElement.java:90)\n\tat io.appium.uiautomator2.handler.FindElement.safeHandle(FindElement.java:67)\n\tat io.appium.uiautomator2.handler.request.SafeRequestHandler.handle(SafeRequestHandler.java:59)\n\tat io.appium.uiautomator2.server.AppiumServlet.handleRequest(AppiumServlet.java:267)\n\tat io.appium.uiautomator2.server.AppiumServlet.handleHttpRequest(AppiumServlet.java:261)\n\tat io.appium.uiautomator2.http.ServerHandler.channelRead(ServerHandler.java:68)\n\tat io.netty.channel.AbstractChannelHandlerContext.invokeChannelRead(AbstractChannelHandlerContext.java:366)\n\tat io.netty.channel.AbstractChannelHandlerCont...
[debug] &amp#27;[35m[W3C]&amp#27;[39m Matched W3C error code 'no such element' to NoSuchElementError
[debug] &amp#27;[35m[AndroidUiautomator2Driver@08d9 (1900ec2c)]&amp#27;[39m Waited for 2235 ms so far
[debug] &amp#27;[35m[AndroidUiautomator2Driver@08d9 (1900ec2c)]&amp#27;[39m Matched '/element' to command name 'findElement'
[debug] &amp#27;[35m[AndroidUiautomator2Driver@08d9 (1900ec2c)]&amp#27;[39m Proxying [POST /element] to [POST http://127.0.0.1:8200/session/db22a7c0-2320-4369-8011-1dc9eb44d7d6/element] with body: {"strategy":"xpath","selector":"//android.widget.TextView[contains(@resource-id,'permissions_message')]","context":"","multiple":false}
&amp#27;[35m[AndroidUiautomator2Driver@08d9 (1900ec2c)]&amp#27;[39m Got response with status 404: {"sessionId":"db22a7c0-2320-4369-8011-1dc9eb44d7d6","value":{"error":"no such element","message":"An element could not be located on the page using the given search parameters","stacktrace":"io.appium.uiautomator2.common.exceptions.ElementNotFoundException: An element could not be located on the page using the given search parameters\n\tat io.appium.uiautomator2.handler.FindElement.findElement(FindElement.java:90)\n\tat io.appium.uiautomator2.handler.FindElement.safeHandle(FindElement.java:67)\n\tat io.appium.uiautomator2.handler.request.SafeRequestHandler.handle(SafeRequestHandler.java:59)\n\tat io.appium.uiautomator2.server.AppiumServlet.handleRequest(AppiumServlet.java:267)\n\tat io.appium.uiautomator2.server.AppiumServlet.handleHttpRequest(AppiumServlet.java:261)\n\tat io.appium.uiautomator2.http.ServerHandler.channelRead(ServerHandler.java:68)\n\tat io.netty.channel.AbstractChannelHandlerContext.invokeChannelRead(AbstractChannelHandlerContext.java:366)\n\tat io.netty.channel.AbstractChannelHandlerCont...
[debug] &amp#27;[35m[W3C]&amp#27;[39m Matched W3C error code 'no such element' to NoSuchElementError
[debug] &amp#27;[35m[AndroidUiautomator2Driver@08d9 (1900ec2c)]&amp#27;[39m Waited for 2791 ms so far
[debug] &amp#27;[35m[AndroidUiautomator2Driver@08d9 (1900ec2c)]&amp#27;[39m Matched '/element' to command name 'findElement'
[debug] &amp#27;[35m[AndroidUiautomator2Driver@08d9 (1900ec2c)]&amp#27;[39m Proxying [POST /element] to [POST http://127.0.0.1:8200/session/db22a7c0-2320-4369-8011-1dc9eb44d7d6/element] with body: {"strategy":"xpath","selector":"//android.widget.TextView[contains(@resource-id,'permissions_message')]","context":"","multiple":false}
&amp#27;[35m[AndroidUiautomator2Driver@08d9 (1900ec2c)]&amp#27;[39m Got response with status 404: {"sessionId":"db22a7c0-2320-4369-8011-1dc9eb44d7d6","value":{"error":"no such element","message":"An element could not be located on the page using the given search parameters","stacktrace":"io.appium.uiautomator2.common.exceptions.ElementNotFoundException: An element could not be located on the page using the given search parameters\n\tat io.appium.uiautomator2.handler.FindElement.findElement(FindElement.java:90)\n\tat io.appium.uiautomator2.handler.FindElement.safeHandle(FindElement.java:67)\n\tat io.appium.uiautomator2.handler.request.SafeRequestHandler.handle(SafeRequestHandler.java:59)\n\tat io.appium.uiautomator2.server.AppiumServlet.handleRequest(AppiumServlet.java:267)\n\tat io.appium.uiautomator2.server.AppiumServlet.handleHttpRequest(AppiumServlet.java:261)\n\tat io.appium.uiautomator2.http.ServerHandler.channelRead(ServerHandler.java:68)\n\tat io.netty.channel.AbstractChannelHandlerContext.invokeChannelRead(AbstractChannelHandlerContext.java:366)\n\tat io.netty.channel.AbstractChannelHandlerCont...
[debug] &amp#27;[35m[W3C]&amp#27;[39m Matched W3C error code 'no such element' to NoSuchElementError
[debug] &amp#27;[35m[AndroidUiautomator2Driver@08d9 (1900ec2c)]&amp#27;[39m Waited for 3338 ms so far
[debug] &amp#27;[35m[AndroidUiautomator2Driver@08d9 (1900ec2c)]&amp#27;[39m Matched '/element' to command name 'findElement'
[debug] &amp#27;[35m[AndroidUiautomator2Driver@08d9 (1900ec2c)]&amp#27;[39m Proxying [POST /element] to [POST http://127.0.0.1:8200/session/db22a7c0-2320-4369-8011-1dc9eb44d7d6/element] with body: {"strategy":"xpath","selector":"//android.widget.TextView[contains(@resource-id,'permissions_message')]","context":"","multiple":false}
&amp#27;[35m[AndroidUiautomator2Driver@08d9 (1900ec2c)]&amp#27;[39m Got response with status 404: {"sessionId":"db22a7c0-2320-4369-8011-1dc9eb44d7d6","value":{"error":"no such element","message":"An element could not be located on the page using the given search parameters","stacktrace":"io.appium.uiautomator2.common.exceptions.ElementNotFoundException: An element could not be located on the page using the given search parameters\n\tat io.appium.uiautomator2.handler.FindElement.findElement(FindElement.java:90)\n\tat io.appium.uiautomator2.handler.FindElement.safeHandle(FindElement.java:67)\n\tat io.appium.uiautomator2.handler.request.SafeRequestHandler.handle(SafeRequestHandler.java:59)\n\tat io.appium.uiautomator2.server.AppiumServlet.handleRequest(AppiumServlet.java:267)\n\tat io.appium.uiautomator2.server.AppiumServlet.handleHttpRequest(AppiumServlet.java:261)\n\tat io.appium.uiautomator2.http.ServerHandler.channelRead(ServerHandler.java:68)\n\tat io.netty.channel.AbstractChannelHandlerContext.invokeChannelRead(AbstractChannelHandlerContext.java:366)\n\tat io.netty.channel.AbstractChannelHandlerCont...
[debug] &amp#27;[35m[W3C]&amp#27;[39m Matched W3C error code 'no such element' to NoSuchElementError
[debug] &amp#27;[35m[AndroidUiautomator2Driver@08d9 (1900ec2c)]&amp#27;[39m Waited for 3881 ms so far
[debug] &amp#27;[35m[AndroidUiautomator2Driver@08d9 (1900ec2c)]&amp#27;[39m Matched '/element' to command name 'findElement'
[debug] &amp#27;[35m[AndroidUiautomator2Driver@08d9 (1900ec2c)]&amp#27;[39m Proxying [POST /element] to [POST http://127.0.0.1:8200/session/db22a7c0-2320-4369-8011-1dc9eb44d7d6/element] with body: {"strategy":"xpath","selector":"//android.widget.TextView[contains(@resource-id,'permissions_message')]","context":"","multiple":false}
&amp#27;[35m[AndroidUiautomator2Driver@08d9 (1900ec2c)]&amp#27;[39m Got response with status 404: {"sessionId":"db22a7c0-2320-4369-8011-1dc9eb44d7d6","value":{"error":"no such element","message":"An element could not be located on the page using the given search parameters","stacktrace":"io.appium.uiautomator2.common.exceptions.ElementNotFoundException: An element could not be located on the page using the given search parameters\n\tat io.appium.uiautomator2.handler.FindElement.findElement(FindElement.java:90)\n\tat io.appium.uiautomator2.handler.FindElement.safeHandle(FindElement.java:67)\n\tat io.appium.uiautomator2.handler.request.SafeRequestHandler.handle(SafeRequestHandler.java:59)\n\tat io.appium.uiautomator2.server.AppiumServlet.handleRequest(AppiumServlet.java:267)\n\tat io.appium.uiautomator2.server.AppiumServlet.handleHttpRequest(AppiumServlet.java:261)\n\tat io.appium.uiautomator2.http.ServerHandler.channelRead(ServerHandler.java:68)\n\tat io.netty.channel.AbstractChannelHandlerContext.invokeChannelRead(AbstractChannelHandlerContext.java:366)\n\tat io.netty.channel.AbstractChannelHandlerCont...
[debug] &amp#27;[35m[W3C]&amp#27;[39m Matched W3C error code 'no such element' to NoSuchElementError
[debug] &amp#27;[35m[AndroidUiautomator2Driver@08d9 (1900ec2c)]&amp#27;[39m Waited for 4425 ms so far
[debug] &amp#27;[35m[AndroidUiautomator2Driver@08d9 (1900ec2c)]&amp#27;[39m Matched '/element' to command name 'findElement'
[debug] &amp#27;[35m[AndroidUiautomator2Driver@08d9 (1900ec2c)]&amp#27;[39m Proxying [POST /element] to [POST http://127.0.0.1:8200/session/db22a7c0-2320-4369-8011-1dc9eb44d7d6/element] with body: {"strategy":"xpath","selector":"//android.widget.TextView[contains(@resource-id,'permissions_message')]","context":"","multiple":false}
&amp#27;[35m[AndroidUiautomator2Driver@08d9 (1900ec2c)]&amp#27;[39m Got response with status 404: {"sessionId":"db22a7c0-2320-4369-8011-1dc9eb44d7d6","value":{"error":"no such element","message":"An element could not be located on the page using the given search parameters","stacktrace":"io.appium.uiautomator2.common.exceptions.ElementNotFoundException: An element could not be located on the page using the given search parameters\n\tat io.appium.uiautomator2.handler.FindElement.findElement(FindElement.java:90)\n\tat io.appium.uiautomator2.handler.FindElement.safeHandle(FindElement.java:67)\n\tat io.appium.uiautomator2.handler.request.SafeRequestHandler.handle(SafeRequestHandler.java:59)\n\tat io.appium.uiautomator2.server.AppiumServlet.handleRequest(AppiumServlet.java:267)\n\tat io.appium.uiautomator2.server.AppiumServlet.handleHttpRequest(AppiumServlet.java:261)\n\tat io.appium.uiautomator2.http.ServerHandler.channelRead(ServerHandler.java:68)\n\tat io.netty.channel.AbstractChannelHandlerContext.invokeChannelRead(AbstractChannelHandlerContext.java:366)\n\tat io.netty.channel.AbstractChannelHandlerCont...
[debug] &amp#27;[35m[W3C]&amp#27;[39m Matched W3C error code 'no such element' to NoSuchElementError
[debug] &amp#27;[35m[AndroidUiautomator2Driver@08d9 (1900ec2c)]&amp#27;[39m Waited for 4966 ms so far
[debug] &amp#27;[35m[AndroidUiautomator2Driver@08d9 (1900ec2c)]&amp#27;[39m Matched '/element' to command name 'findElement'
[debug] &amp#27;[35m[AndroidUiautomator2Driver@08d9 (1900ec2c)]&amp#27;[39m Proxying [POST /element] to [POST http://127.0.0.1:8200/session/db22a7c0-2320-4369-8011-1dc9eb44d7d6/element] with body: {"strategy":"xpath","selector":"//android.widget.TextView[contains(@resource-id,'permissions_message')]","context":"","multiple":false}
&amp#27;[35m[AndroidUiautomator2Driver@08d9 (1900ec2c)]&amp#27;[39m Got response with status 404: {"sessionId":"db22a7c0-2320-4369-8011-1dc9eb44d7d6","value":{"error":"no such element","message":"An element could not be located on the page using the given search parameters","stacktrace":"io.appium.uiautomator2.common.exceptions.ElementNotFoundException: An element could not be located on the page using the given search parameters\n\tat io.appium.uiautomator2.handler.FindElement.findElement(FindElement.java:90)\n\tat io.appium.uiautomator2.handler.FindElement.safeHandle(FindElement.java:67)\n\tat io.appium.uiautomator2.handler.request.SafeRequestHandler.handle(SafeRequestHandler.java:59)\n\tat io.appium.uiautomator2.server.AppiumServlet.handleRequest(AppiumServlet.java:267)\n\tat io.appium.uiautomator2.server.AppiumServlet.handleHttpRequest(AppiumServlet.java:261)\n\tat io.appium.uiautomator2.http.ServerHandler.channelRead(ServerHandler.java:68)\n\tat io.netty.channel.AbstractChannelHandlerContext.invokeChannelRead(AbstractChannelHandlerContext.java:366)\n\tat io.netty.channel.AbstractChannelHandlerCont...
[debug] &amp#27;[35m[W3C]&amp#27;[39m Matched W3C error code 'no such element' to NoSuchElementError
[debug] &amp#27;[35m[AndroidUiautomator2Driver@08d9 (1900ec2c)]&amp#27;[39m Encountered internal error running command: NoSuchElementError: An element could not be located on the page using the given search parameters.
[debug] &amp#27;[35m[AndroidUiautomator2Driver@08d9 (1900ec2c)]&amp#27;[39m     at AndroidUiautomator2Driver.findElOrEls (/Users/AshishSrivastava/.appium/node_modules/appium-uiautomator2-driver/node_modules/appium-android-driver/lib/commands/find.js:75:11)
[debug] &amp#27;[35m[AndroidUiautomator2Driver@08d9 (1900ec2c)]&amp#27;[39m     at processTicksAndRejections (node:internal/process/task_queues:96:5)
[debug] &amp#27;[35m[AndroidUiautomator2Driver@08d9 (1900ec2c)]&amp#27;[39m     at AndroidUiautomator2Driver.findElOrElsWithProcessing (/usr/local/lib/node_modules/appium/node_modules/@appium/base-driver/lib/basedriver/commands/find.js:80:16)
[debug] &amp#27;[35m[AndroidUiautomator2Driver@08d9 (1900ec2c)]&amp#27;[39m     at AndroidUiautomator2Driver.findElement (/usr/local/lib/node_modules/appium/node_modules/@appium/base-driver/lib/basedriver/commands/find.js:21:14)
&amp#27;[35m[HTTP]&amp#27;[39m &amp#27;[37m<-- POST /wd/hub/session/1900ec2c-416d-476d-9ebe-0795afa97fa8/element &amp#27;[39m&amp#27;[33m404&amp#27;[39m &amp#27;[90m5051 ms - 821&amp#27;[39m
&amp#27;[35m[HTTP]&amp#27;[39m &amp#27;[90m&amp#27;[39m
02:10:51.575 [main] ERROR util.ElementUtil - Element [Permission Message] is NOT displayed in Current Screen
&amp#27;[35m[HTTP]&amp#27;[39m &amp#27;[37m-->&amp#27;[39m &amp#27;[37mPOST&amp#27;[39m &amp#27;[37m/wd/hub/session/1900ec2c-416d-476d-9ebe-0795afa97fa8/timeouts&amp#27;[39m
&amp#27;[35m[HTTP]&amp#27;[39m &amp#27;[90m{"implicit":5000}&amp#27;[39m
[debug] &amp#27;[35m[AndroidUiautomator2Driver@08d9 (1900ec2c)]&amp#27;[39m Calling AppiumDriver.timeouts() with args: [null,null,null,null,5000,"1900ec2c-416d-476d-9ebe-0795afa97fa8"]
[debug] &amp#27;[35m[AndroidUiautomator2Driver@08d9 (1900ec2c)]&amp#27;[39m W3C timeout argument: {"implicit":5000}}
[debug] &amp#27;[35m[AndroidUiautomator2Driver@08d9 (1900ec2c)]&amp#27;[39m Set implicit wait to 5000ms
[debug] &amp#27;[35m[AndroidUiautomator2Driver@08d9 (1900ec2c)]&amp#27;[39m Responding to client with driver.timeouts() result: null
&amp#27;[35m[HTTP]&amp#27;[39m &amp#27;[37m<-- POST /wd/hub/session/1900ec2c-416d-476d-9ebe-0795afa97fa8/timeouts &amp#27;[39m&amp#27;[32m200&amp#27;[39m &amp#27;[90m2 ms - 14&amp#27;[39m
&amp#27;[35m[HTTP]&amp#27;[39m &amp#27;[90m&amp#27;[39m
&amp#27;[35m[HTTP]&amp#27;[39m &amp#27;[37m-->&amp#27;[39m &amp#27;[37mGET&amp#27;[39m &amp#27;[37m/wd/hub/session/1900ec2c-416d-476d-9ebe-0795afa97fa8/context&amp#27;[39m
&amp#27;[35m[HTTP]&amp#27;[39m &amp#27;[90m{}&amp#27;[39m
[debug] &amp#27;[35m[AndroidUiautomator2Driver@08d9 (1900ec2c)]&amp#27;[39m Calling AppiumDriver.getCurrentContext() with args: ["1900ec2c-416d-476d-9ebe-0795afa97fa8"]
[debug] &amp#27;[35m[AndroidUiautomator2Driver@08d9 (1900ec2c)]&amp#27;[39m Responding to client with driver.getCurrentContext() result: "NATIVE_APP"
&amp#27;[35m[HTTP]&amp#27;[39m &amp#27;[37m<-- GET /wd/hub/session/1900ec2c-416d-476d-9ebe-0795afa97fa8/context &amp#27;[39m&amp#27;[32m200&amp#27;[39m &amp#27;[90m3 ms - 22&amp#27;[39m
&amp#27;[35m[HTTP]&amp#27;[39m &amp#27;[90m&amp#27;[39m
&amp#27;[35m[HTTP]&amp#27;[39m &amp#27;[37m-->&amp#27;[39m &amp#27;[37mPOST&amp#27;[39m &amp#27;[37m/wd/hub/session/1900ec2c-416d-476d-9ebe-0795afa97fa8/element&amp#27;[39m
&amp#27;[35m[HTTP]&amp#27;[39m &amp#27;[90m{"using":"id","value":"android:id/alertTitle"}&amp#27;[39m
[debug] &amp#27;[35m[AndroidUiautomator2Driver@08d9 (1900ec2c)]&amp#27;[39m Calling AppiumDriver.findElement() with args: ["id","android:id/alertTitle","1900ec2c-416d-476d-9ebe-0795afa97fa8"]
[debug] &amp#27;[35m[AndroidUiautomator2Driver@08d9 (1900ec2c)]&amp#27;[39m Valid locator strategies for this request: xpath, id, class name, accessibility id, css selector, -android uiautomator
[debug] &amp#27;[35m[AndroidUiautomator2Driver@08d9 (1900ec2c)]&amp#27;[39m Waiting up to 5000 ms for condition
[debug] &amp#27;[35m[AndroidUiautomator2Driver@08d9 (1900ec2c)]&amp#27;[39m Matched '/element' to command name 'findElement'
[debug] &amp#27;[35m[AndroidUiautomator2Driver@08d9 (1900ec2c)]&amp#27;[39m Proxying [POST /element] to [POST http://127.0.0.1:8200/session/db22a7c0-2320-4369-8011-1dc9eb44d7d6/element] with body: {"strategy":"id","selector":"android:id/alertTitle","context":"","multiple":false}
[debug] &amp#27;[35m[AndroidUiautomator2Driver@08d9 (1900ec2c)]&amp#27;[39m Got response with status 200: {"sessionId":"db22a7c0-2320-4369-8011-1dc9eb44d7d6","value":{"ELEMENT":"00000000-0000-009f-ffff-ffff000001a6","element-6066-11e4-a52e-4f735466cecf":"00000000-0000-009f-ffff-ffff000001a6"}}
[debug] &amp#27;[35m[AndroidUiautomator2Driver@08d9 (1900ec2c)]&amp#27;[39m Responding to client with driver.findElement() result: {"element-6066-11e4-a52e-4f735466cecf":"00000000-0000-009f-ffff-ffff000001a6","ELEMENT":"00000000-0000-009f-ffff-ffff000001a6"}
&amp#27;[35m[HTTP]&amp#27;[39m &amp#27;[37m<-- POST /wd/hub/session/1900ec2c-416d-476d-9ebe-0795afa97fa8/element &amp#27;[39m&amp#27;[32m200&amp#27;[39m &amp#27;[90m41 ms - 137&amp#27;[39m
&amp#27;[35m[HTTP]&amp#27;[39m &amp#27;[90m&amp#27;[39m
&amp#27;[35m[HTTP]&amp#27;[39m &amp#27;[37m-->&amp#27;[39m &amp#27;[37mGET&amp#27;[39m &amp#27;[37m/wd/hub/session/1900ec2c-416d-476d-9ebe-0795afa97fa8/element/00000000-0000-009f-ffff-ffff000001a6/displayed&amp#27;[39m
&amp#27;[35m[HTTP]&amp#27;[39m &amp#27;[90m{}&amp#27;[39m
[debug] &amp#27;[35m[AndroidUiautomator2Driver@08d9 (1900ec2c)]&amp#27;[39m Calling AppiumDriver.elementDisplayed() with args: ["00000000-0000-009f-ffff-ffff000001a6","1900ec2c-416d-476d-9ebe-0795afa97fa8"]
[debug] &amp#27;[35m[AndroidUiautomator2Driver@08d9 (1900ec2c)]&amp#27;[39m Matched '/element/00000000-0000-009f-ffff-ffff000001a6/attribute/displayed' to command name 'getAttribute'
[debug] &amp#27;[35m[AndroidUiautomator2Driver@08d9 (1900ec2c)]&amp#27;[39m Proxying [GET /element/00000000-0000-009f-ffff-ffff000001a6/attribute/displayed] to [GET http://127.0.0.1:8200/session/db22a7c0-2320-4369-8011-1dc9eb44d7d6/element/00000000-0000-009f-ffff-ffff000001a6/attribute/displayed] with no body
[debug] &amp#27;[35m[AndroidUiautomator2Driver@08d9 (1900ec2c)]&amp#27;[39m Got response with status 200: {"sessionId":"db22a7c0-2320-4369-8011-1dc9eb44d7d6","value":"true"}
[debug] &amp#27;[35m[AndroidUiautomator2Driver@08d9 (1900ec2c)]&amp#27;[39m Responding to client with driver.elementDisplayed() result: true
&amp#27;[35m[HTTP]&amp#27;[39m &amp#27;[37m<-- GET /wd/hub/session/1900ec2c-416d-476d-9ebe-0795afa97fa8/element/00000000-0000-009f-ffff-ffff000001a6/displayed &amp#27;[39m&amp#27;[32m200&amp#27;[39m &amp#27;[90m14 ms - 14&amp#27;[39m
&amp#27;[35m[HTTP]&amp#27;[39m &amp#27;[90m&amp#27;[39m
&amp#27;[35m[HTTP]&amp#27;[39m &amp#27;[37m-->&amp#27;[39m &amp#27;[37mPOST&amp#27;[39m &amp#27;[37m/wd/hub/session/1900ec2c-416d-476d-9ebe-0795afa97fa8/timeouts&amp#27;[39m
&amp#27;[35m[HTTP]&amp#27;[39m &amp#27;[90m{"implicit":5000}&amp#27;[39m
[debug] &amp#27;[35m[AndroidUiautomator2Driver@08d9 (1900ec2c)]&amp#27;[39m Calling AppiumDriver.timeouts() with args: [null,null,null,null,5000,"1900ec2c-416d-476d-9ebe-0795afa97fa8"]
[debug] &amp#27;[35m[AndroidUiautomator2Driver@08d9 (1900ec2c)]&amp#27;[39m W3C timeout argument: {"implicit":5000}}
[debug] &amp#27;[35m[AndroidUiautomator2Driver@08d9 (1900ec2c)]&amp#27;[39m Set implicit wait to 5000ms
[debug] &amp#27;[35m[AndroidUiautomator2Driver@08d9 (1900ec2c)]&amp#27;[39m Responding to client with driver.timeouts() result: null
&amp#27;[35m[HTTP]&amp#27;[39m &amp#27;[37m<-- POST /wd/hub/session/1900ec2c-416d-476d-9ebe-0795afa97fa8/timeouts &amp#27;[39m&amp#27;[32m200&amp#27;[39m &amp#27;[90m2 ms - 14&amp#27;[39m
&amp#27;[35m[HTTP]&amp#27;[39m &amp#27;[90m&amp#27;[39m
&amp#27;[35m[HTTP]&amp#27;[39m &amp#27;[37m-->&amp#27;[39m &amp#27;[37mGET&amp#27;[39m &amp#27;[37m/wd/hub/session/1900ec2c-416d-476d-9ebe-0795afa97fa8/context&amp#27;[39m
&amp#27;[35m[HTTP]&amp#27;[39m &amp#27;[90m{}&amp#27;[39m
[debug] &amp#27;[35m[AndroidUiautomator2Driver@08d9 (1900ec2c)]&amp#27;[39m Calling AppiumDriver.getCurrentContext() with args: ["1900ec2c-416d-476d-9ebe-0795afa97fa8"]
[debug] &amp#27;[35m[AndroidUiautomator2Driver@08d9 (1900ec2c)]&amp#27;[39m Responding to client with driver.getCurrentContext() result: "NATIVE_APP"
&amp#27;[35m[HTTP]&amp#27;[39m &amp#27;[37m<-- GET /wd/hub/session/1900ec2c-416d-476d-9ebe-0795afa97fa8/context &amp#27;[39m&amp#27;[32m200&amp#27;[39m &amp#27;[90m1 ms - 22&amp#27;[39m
&amp#27;[35m[HTTP]&amp#27;[39m &amp#27;[90m&amp#27;[39m
&amp#27;[35m[HTTP]&amp#27;[39m &amp#27;[37m-->&amp#27;[39m &amp#27;[37mPOST&amp#27;[39m &amp#27;[37m/wd/hub/session/1900ec2c-416d-476d-9ebe-0795afa97fa8/element&amp#27;[39m
&amp#27;[35m[HTTP]&amp#27;[39m &amp#27;[90m{"using":"xpath","value":"//android.widget.Button[@text='OK']"}&amp#27;[39m
[debug] &amp#27;[35m[AndroidUiautomator2Driver@08d9 (1900ec2c)]&amp#27;[39m Calling AppiumDriver.findElement() with args: ["xpath","//android.widget.Button[@text='OK']","1900ec2c-416d-476d-9ebe-0795afa97fa8"]
[debug] &amp#27;[35m[AndroidUiautomator2Driver@08d9 (1900ec2c)]&amp#27;[39m Valid locator strategies for this request: xpath, id, class name, accessibility id, css selector, -android uiautomator
[debug] &amp#27;[35m[AndroidUiautomator2Driver@08d9 (1900ec2c)]&amp#27;[39m Waiting up to 5000 ms for condition
[debug] &amp#27;[35m[AndroidUiautomator2Driver@08d9 (1900ec2c)]&amp#27;[39m Matched '/element' to command name 'findElement'
[debug] &amp#27;[35m[AndroidUiautomator2Driver@08d9 (1900ec2c)]&amp#27;[39m Proxying [POST /element] to [POST http://127.0.0.1:8200/session/db22a7c0-2320-4369-8011-1dc9eb44d7d6/element] with body: {"strategy":"xpath","selector":"//android.widget.Button[@text='OK']","context":"","multiple":false}
[debug] &amp#27;[35m[AndroidUiautomator2Driver@08d9 (1900ec2c)]&amp#27;[39m Got response with status 200: {"sessionId":"db22a7c0-2320-4369-8011-1dc9eb44d7d6","value":{"ELEMENT":"00000000-0000-009f-ffff-ffff000001b5","element-6066-11e4-a52e-4f735466cecf":"00000000-0000-009f-ffff-ffff000001b5"}}
[debug] &amp#27;[35m[AndroidUiautomator2Driver@08d9 (1900ec2c)]&amp#27;[39m Responding to client with driver.findElement() result: {"element-6066-11e4-a52e-4f735466cecf":"00000000-0000-009f-ffff-ffff000001b5","ELEMENT":"00000000-0000-009f-ffff-ffff000001b5"}
&amp#27;[35m[HTTP]&amp#27;[39m &amp#27;[37m<-- POST /wd/hub/session/1900ec2c-416d-476d-9ebe-0795afa97fa8/element &amp#27;[39m&amp#27;[32m200&amp#27;[39m &amp#27;[90m41 ms - 137&amp#27;[39m
&amp#27;[35m[HTTP]&amp#27;[39m &amp#27;[90m&amp#27;[39m
&amp#27;[35m[HTTP]&amp#27;[39m &amp#27;[37m-->&amp#27;[39m &amp#27;[37mPOST&amp#27;[39m &amp#27;[37m/wd/hub/session/1900ec2c-416d-476d-9ebe-0795afa97fa8/element/00000000-0000-009f-ffff-ffff000001b5/click&amp#27;[39m
&amp#27;[35m[HTTP]&amp#27;[39m &amp#27;[90m{"id":"00000000-0000-009f-ffff-ffff000001b5"}&amp#27;[39m
[debug] &amp#27;[35m[AndroidUiautomator2Driver@08d9 (1900ec2c)]&amp#27;[39m Calling AppiumDriver.click() with args: ["00000000-0000-009f-ffff-ffff000001b5","1900ec2c-416d-476d-9ebe-0795afa97fa8"]
[debug] &amp#27;[35m[AndroidUiautomator2Driver@08d9 (1900ec2c)]&amp#27;[39m Matched '/element/00000000-0000-009f-ffff-ffff000001b5/click' to command name 'click'
[debug] &amp#27;[35m[AndroidUiautomator2Driver@08d9 (1900ec2c)]&amp#27;[39m Proxying [POST /element/00000000-0000-009f-ffff-ffff000001b5/click] to [POST http://127.0.0.1:8200/session/db22a7c0-2320-4369-8011-1dc9eb44d7d6/element/00000000-0000-009f-ffff-ffff000001b5/click] with body: {"element":"00000000-0000-009f-ffff-ffff000001b5"}
[debug] &amp#27;[35m[AndroidUiautomator2Driver@08d9 (1900ec2c)]&amp#27;[39m Got response with status 200: {"sessionId":"db22a7c0-2320-4369-8011-1dc9eb44d7d6","value":null}
[debug] &amp#27;[35m[AndroidUiautomator2Driver@08d9 (1900ec2c)]&amp#27;[39m Responding to client with driver.click() result: null
&amp#27;[35m[HTTP]&amp#27;[39m &amp#27;[37m<-- POST /wd/hub/session/1900ec2c-416d-476d-9ebe-0795afa97fa8/element/00000000-0000-009f-ffff-ffff000001b5/click &amp#27;[39m&amp#27;[32m200&amp#27;[39m &amp#27;[90m60 ms - 14&amp#27;[39m
&amp#27;[35m[HTTP]&amp#27;[39m &amp#27;[90m&amp#27;[39m
&amp#27;[35m[HTTP]&amp#27;[39m &amp#27;[37m-->&amp#27;[39m &amp#27;[37mGET&amp#27;[39m &amp#27;[37m/wd/hub/session/1900ec2c-416d-476d-9ebe-0795afa97fa8/context&amp#27;[39m
&amp#27;[35m[HTTP]&amp#27;[39m &amp#27;[90m{}&amp#27;[39m
[debug] &amp#27;[35m[AndroidUiautomator2Driver@08d9 (1900ec2c)]&amp#27;[39m Calling AppiumDriver.getCurrentContext() with args: ["1900ec2c-416d-476d-9ebe-0795afa97fa8"]
[debug] &amp#27;[35m[AndroidUiautomator2Driver@08d9 (1900ec2c)]&amp#27;[39m Responding to client with driver.getCurrentContext() result: "NATIVE_APP"
&amp#27;[35m[HTTP]&amp#27;[39m &amp#27;[37m<-- GET /wd/hub/session/1900ec2c-416d-476d-9ebe-0795afa97fa8/context &amp#27;[39m&amp#27;[32m200&amp#27;[39m &amp#27;[90m1 ms - 22&amp#27;[39m
&amp#27;[35m[HTTP]&amp#27;[39m &amp#27;[90m&amp#27;[39m
&amp#27;[35m[HTTP]&amp#27;[39m &amp#27;[37m-->&amp#27;[39m &amp#27;[37mPOST&amp#27;[39m &amp#27;[37m/wd/hub/session/1900ec2c-416d-476d-9ebe-0795afa97fa8/element&amp#27;[39m
&amp#27;[35m[HTTP]&amp#27;[39m &amp#27;[90m{"using":"id","value":"android:id/title"}&amp#27;[39m
[debug] &amp#27;[35m[AndroidUiautomator2Driver@08d9 (1900ec2c)]&amp#27;[39m Calling AppiumDriver.findElement() with args: ["id","android:id/title","1900ec2c-416d-476d-9ebe-0795afa97fa8"]
[debug] &amp#27;[35m[AndroidUiautomator2Driver@08d9 (1900ec2c)]&amp#27;[39m Valid locator strategies for this request: xpath, id, class name, accessibility id, css selector, -android uiautomator
[debug] &amp#27;[35m[AndroidUiautomator2Driver@08d9 (1900ec2c)]&amp#27;[39m Waiting up to 5000 ms for condition
[debug] &amp#27;[35m[AndroidUiautomator2Driver@08d9 (1900ec2c)]&amp#27;[39m Matched '/element' to command name 'findElement'
[debug] &amp#27;[35m[AndroidUiautomator2Driver@08d9 (1900ec2c)]&amp#27;[39m Proxying [POST /element] to [POST http://127.0.0.1:8200/session/db22a7c0-2320-4369-8011-1dc9eb44d7d6/element] with body: {"strategy":"id","selector":"android:id/title","context":"","multiple":false}
[debug] &amp#27;[35m[AndroidUiautomator2Driver@08d9 (1900ec2c)]&amp#27;[39m Got response with status 200: {"sessionId":"db22a7c0-2320-4369-8011-1dc9eb44d7d6","value":{"ELEMENT":"00000000-0000-00a0-ffff-ffff00000003","element-6066-11e4-a52e-4f735466cecf":"00000000-0000-00a0-ffff-ffff00000003"}}
[debug] &amp#27;[35m[AndroidUiautomator2Driver@08d9 (1900ec2c)]&amp#27;[39m Responding to client with driver.findElement() result: {"element-6066-11e4-a52e-4f735466cecf":"00000000-0000-00a0-ffff-ffff00000003","ELEMENT":"00000000-0000-00a0-ffff-ffff00000003"}
&amp#27;[35m[HTTP]&amp#27;[39m &amp#27;[37m<-- POST /wd/hub/session/1900ec2c-416d-476d-9ebe-0795afa97fa8/element &amp#27;[39m&amp#27;[32m200&amp#27;[39m &amp#27;[90m721 ms - 137&amp#27;[39m
&amp#27;[35m[HTTP]&amp#27;[39m &amp#27;[90m&amp#27;[39m
&amp#27;[35m[HTTP]&amp#27;[39m &amp#27;[37m-->&amp#27;[39m &amp#27;[37mGET&amp#27;[39m &amp#27;[37m/wd/hub/session/1900ec2c-416d-476d-9ebe-0795afa97fa8/element/00000000-0000-00a0-ffff-ffff00000003/text&amp#27;[39m
&amp#27;[35m[HTTP]&amp#27;[39m &amp#27;[90m{}&amp#27;[39m
&amp#27;[35m[AndroidUiautomator2Driver@08d9 (1900ec2c)]&amp#27;[39m Driver proxy active, passing request on via HTTP proxy
[debug] &amp#27;[35m[AndroidUiautomator2Driver@08d9 (1900ec2c)]&amp#27;[39m Matched '/wd/hub/session/1900ec2c-416d-476d-9ebe-0795afa97fa8/element/00000000-0000-00a0-ffff-ffff00000003/text' to command name 'getText'
[debug] &amp#27;[35m[AndroidUiautomator2Driver@08d9 (1900ec2c)]&amp#27;[39m Proxying [GET /wd/hub/session/1900ec2c-416d-476d-9ebe-0795afa97fa8/element/00000000-0000-00a0-ffff-ffff00000003/text] to [GET http://127.0.0.1:8200/session/db22a7c0-2320-4369-8011-1dc9eb44d7d6/element/00000000-0000-00a0-ffff-ffff00000003/text] with no body
[debug] &amp#27;[35m[AndroidUiautomator2Driver@08d9 (1900ec2c)]&amp#27;[39m Got response with status 200: {"sessionId":"db22a7c0-2320-4369-8011-1dc9eb44d7d6","value":"selendroid-test-app"}
&amp#27;[35m[AndroidUiautomator2Driver@08d9 (1900ec2c)]&amp#27;[39m Replacing sessionId db22a7c0-2320-4369-8011-1dc9eb44d7d6 with 1900ec2c-416d-476d-9ebe-0795afa97fa8
&amp#27;[35m[HTTP]&amp#27;[39m &amp#27;[37m<-- GET /wd/hub/session/1900ec2c-416d-476d-9ebe-0795afa97fa8/element/00000000-0000-00a0-ffff-ffff00000003/text &amp#27;[39m&amp#27;[32m200&amp#27;[39m &amp#27;[90m29 ms - 82&amp#27;[39m
&amp#27;[35m[HTTP]&amp#27;[39m &amp#27;[90m&amp#27;[39m
&amp#27;[35m[HTTP]&amp#27;[39m &amp#27;[37m-->&amp#27;[39m &amp#27;[37mGET&amp#27;[39m &amp#27;[37m/wd/hub/session/1900ec2c-416d-476d-9ebe-0795afa97fa8/context&amp#27;[39m
&amp#27;[35m[HTTP]&amp#27;[39m &amp#27;[90m{}&amp#27;[39m
[debug] &amp#27;[35m[AndroidUiautomator2Driver@08d9 (1900ec2c)]&amp#27;[39m Calling AppiumDriver.getCurrentContext() with args: ["1900ec2c-416d-476d-9ebe-0795afa97fa8"]
[debug] &amp#27;[35m[AndroidUiautomator2Driver@08d9 (1900ec2c)]&amp#27;[39m Responding to client with driver.getCurrentContext() result: "NATIVE_APP"
&amp#27;[35m[HTTP]&amp#27;[39m &amp#27;[37m<-- GET /wd/hub/session/1900ec2c-416d-476d-9ebe-0795afa97fa8/context &amp#27;[39m&amp#27;[32m200&amp#27;[39m &amp#27;[90m3 ms - 22&amp#27;[39m
&amp#27;[35m[HTTP]&amp#27;[39m &amp#27;[90m&amp#27;[39m
&amp#27;[35m[HTTP]&amp#27;[39m &amp#27;[37m-->&amp#27;[39m &amp#27;[37mPOST&amp#27;[39m &amp#27;[37m/wd/hub/session/1900ec2c-416d-476d-9ebe-0795afa97fa8/element&amp#27;[39m
&amp#27;[35m[HTTP]&amp#27;[39m &amp#27;[90m{"using":"accessibility id","value":"l10nCD"}&amp#27;[39m
[debug] &amp#27;[35m[AndroidUiautomator2Driver@08d9 (1900ec2c)]&amp#27;[39m Calling AppiumDriver.findElement() with args: ["accessibility id","l10nCD","1900ec2c-416d-476d-9ebe-0795afa97fa8"]
[debug] &amp#27;[35m[AndroidUiautomator2Driver@08d9 (1900ec2c)]&amp#27;[39m Valid locator strategies for this request: xpath, id, class name, accessibility id, css selector, -android uiautomator
[debug] &amp#27;[35m[AndroidUiautomator2Driver@08d9 (1900ec2c)]&amp#27;[39m Waiting up to 5000 ms for condition
[debug] &amp#27;[35m[AndroidUiautomator2Driver@08d9 (1900ec2c)]&amp#27;[39m Matched '/element' to command name 'findElement'
[debug] &amp#27;[35m[AndroidUiautomator2Driver@08d9 (1900ec2c)]&amp#27;[39m Proxying [POST /element] to [POST http://127.0.0.1:8200/session/db22a7c0-2320-4369-8011-1dc9eb44d7d6/element] with body: {"strategy":"accessibility id","selector":"l10nCD","context":"","multiple":false}
[debug] &amp#27;[35m[AndroidUiautomator2Driver@08d9 (1900ec2c)]&amp#27;[39m Got response with status 200: {"sessionId":"db22a7c0-2320-4369-8011-1dc9eb44d7d6","value":{"ELEMENT":"00000000-0000-00a0-ffff-ffff00000007","element-6066-11e4-a52e-4f735466cecf":"00000000-0000-00a0-ffff-ffff00000007"}}
[debug] &amp#27;[35m[AndroidUiautomator2Driver@08d9 (1900ec2c)]&amp#27;[39m Responding to client with driver.findElement() result: {"element-6066-11e4-a52e-4f735466cecf":"00000000-0000-00a0-ffff-ffff00000007","ELEMENT":"00000000-0000-00a0-ffff-ffff00000007"}
&amp#27;[35m[HTTP]&amp#27;[39m &amp#27;[37m<-- POST /wd/hub/session/1900ec2c-416d-476d-9ebe-0795afa97fa8/element &amp#27;[39m&amp#27;[32m200&amp#27;[39m &amp#27;[90m32 ms - 137&amp#27;[39m
&amp#27;[35m[HTTP]&amp#27;[39m &amp#27;[90m&amp#27;[39m
&amp#27;[35m[HTTP]&amp#27;[39m &amp#27;[37m-->&amp#27;[39m &amp#27;[37mGET&amp#27;[39m &amp#27;[37m/wd/hub/session/1900ec2c-416d-476d-9ebe-0795afa97fa8/element/00000000-0000-00a0-ffff-ffff00000007/displayed&amp#27;[39m
&amp#27;[35m[HTTP]&amp#27;[39m &amp#27;[90m{}&amp#27;[39m
[debug] &amp#27;[35m[AndroidUiautomator2Driver@08d9 (1900ec2c)]&amp#27;[39m Calling AppiumDriver.elementDisplayed() with args: ["00000000-0000-00a0-ffff-ffff00000007","1900ec2c-416d-476d-9ebe-0795afa97fa8"]
[debug] &amp#27;[35m[AndroidUiautomator2Driver@08d9 (1900ec2c)]&amp#27;[39m Matched '/element/00000000-0000-00a0-ffff-ffff00000007/attribute/displayed' to command name 'getAttribute'
[debug] &amp#27;[35m[AndroidUiautomator2Driver@08d9 (1900ec2c)]&amp#27;[39m Proxying [GET /element/00000000-0000-00a0-ffff-ffff00000007/attribute/displayed] to [GET http://127.0.0.1:8200/session/db22a7c0-2320-4369-8011-1dc9eb44d7d6/element/00000000-0000-00a0-ffff-ffff00000007/attribute/displayed] with no body
[debug] &amp#27;[35m[AndroidUiautomator2Driver@08d9 (1900ec2c)]&amp#27;[39m Got response with status 200: {"sessionId":"db22a7c0-2320-4369-8011-1dc9eb44d7d6","value":"true"}
[debug] &amp#27;[35m[AndroidUiautomator2Driver@08d9 (1900ec2c)]&amp#27;[39m Responding to client with driver.elementDisplayed() result: true
&amp#27;[35m[HTTP]&amp#27;[39m &amp#27;[37m<-- GET /wd/hub/session/1900ec2c-416d-476d-9ebe-0795afa97fa8/element/00000000-0000-00a0-ffff-ffff00000007/displayed &amp#27;[39m&amp#27;[32m200&amp#27;[39m &amp#27;[90m20 ms - 14&amp#27;[39m
&amp#27;[35m[HTTP]&amp#27;[39m &amp#27;[90m&amp#27;[39m
&amp#27;[35m[HTTP]&amp#27;[39m &amp#27;[37m-->&amp#27;[39m &amp#27;[37mPOST&amp#27;[39m &amp#27;[37m/wd/hub/session/1900ec2c-416d-476d-9ebe-0795afa97fa8/timeouts&amp#27;[39m
&amp#27;[35m[HTTP]&amp#27;[39m &amp#27;[90m{"implicit":5000}&amp#27;[39m
[debug] &amp#27;[35m[AndroidUiautomator2Driver@08d9 (1900ec2c)]&amp#27;[39m Calling AppiumDriver.timeouts() with args: [null,null,null,null,5000,"1900ec2c-416d-476d-9ebe-0795afa97fa8"]
[debug] &amp#27;[35m[AndroidUiautomator2Driver@08d9 (1900ec2c)]&amp#27;[39m W3C timeout argument: {"implicit":5000}}
[debug] &amp#27;[35m[AndroidUiautomator2Driver@08d9 (1900ec2c)]&amp#27;[39m Set implicit wait to 5000ms
[debug] &amp#27;[35m[AndroidUiautomator2Driver@08d9 (1900ec2c)]&amp#27;[39m Responding to client with driver.timeouts() result: null
&amp#27;[35m[HTTP]&amp#27;[39m &amp#27;[37m<-- POST /wd/hub/session/1900ec2c-416d-476d-9ebe-0795afa97fa8/timeouts &amp#27;[39m&amp#27;[32m200&amp#27;[39m &amp#27;[90m2 ms - 14&amp#27;[39m
&amp#27;[35m[HTTP]&amp#27;[39m &amp#27;[90m&amp#27;[39m
&amp#27;[35m[HTTP]&amp#27;[39m &amp#27;[37m-->&amp#27;[39m &amp#27;[37mGET&amp#27;[39m &amp#27;[37m/wd/hub/session/1900ec2c-416d-476d-9ebe-0795afa97fa8/context&amp#27;[39m
&amp#27;[35m[HTTP]&amp#27;[39m &amp#27;[90m{}&amp#27;[39m
[debug] &amp#27;[35m[AndroidUiautomator2Driver@08d9 (1900ec2c)]&amp#27;[39m Calling AppiumDriver.getCurrentContext() with args: ["1900ec2c-416d-476d-9ebe-0795afa97fa8"]
[debug] &amp#27;[35m[AndroidUiautomator2Driver@08d9 (1900ec2c)]&amp#27;[39m Responding to client with driver.getCurrentContext() result: "NATIVE_APP"
&amp#27;[35m[HTTP]&amp#27;[39m &amp#27;[37m<-- GET /wd/hub/session/1900ec2c-416d-476d-9ebe-0795afa97fa8/context &amp#27;[39m&amp#27;[32m200&amp#27;[39m &amp#27;[90m2 ms - 22&amp#27;[39m
&amp#27;[35m[HTTP]&amp#27;[39m &amp#27;[90m&amp#27;[39m
&amp#27;[35m[HTTP]&amp#27;[39m &amp#27;[37m-->&amp#27;[39m &amp#27;[37mPOST&amp#27;[39m &amp#27;[37m/wd/hub/session/1900ec2c-416d-476d-9ebe-0795afa97fa8/element&amp#27;[39m
&amp#27;[35m[HTTP]&amp#27;[39m &amp#27;[90m{"using":"accessibility id","value":"buttonTestCD"}&amp#27;[39m
[debug] &amp#27;[35m[AndroidUiautomator2Driver@08d9 (1900ec2c)]&amp#27;[39m Calling AppiumDriver.findElement() with args: ["accessibility id","buttonTestCD","1900ec2c-416d-476d-9ebe-0795afa97fa8"]
[debug] &amp#27;[35m[AndroidUiautomator2Driver@08d9 (1900ec2c)]&amp#27;[39m Valid locator strategies for this request: xpath, id, class name, accessibility id, css selector, -android uiautomator
[debug] &amp#27;[35m[AndroidUiautomator2Driver@08d9 (1900ec2c)]&amp#27;[39m Waiting up to 5000 ms for condition
[debug] &amp#27;[35m[AndroidUiautomator2Driver@08d9 (1900ec2c)]&amp#27;[39m Matched '/element' to command name 'findElement'
[debug] &amp#27;[35m[AndroidUiautomator2Driver@08d9 (1900ec2c)]&amp#27;[39m Proxying [POST /element] to [POST http://127.0.0.1:8200/session/db22a7c0-2320-4369-8011-1dc9eb44d7d6/element] with body: {"strategy":"accessibility id","selector":"buttonTestCD","context":"","multiple":false}
[debug] &amp#27;[35m[AndroidUiautomator2Driver@08d9 (1900ec2c)]&amp#27;[39m Got response with status 200: {"sessionId":"db22a7c0-2320-4369-8011-1dc9eb44d7d6","value":{"ELEMENT":"00000000-0000-00a0-ffff-ffff00000009","element-6066-11e4-a52e-4f735466cecf":"00000000-0000-00a0-ffff-ffff00000009"}}
[debug] &amp#27;[35m[AndroidUiautomator2Driver@08d9 (1900ec2c)]&amp#27;[39m Responding to client with driver.findElement() result: {"element-6066-11e4-a52e-4f735466cecf":"00000000-0000-00a0-ffff-ffff00000009","ELEMENT":"00000000-0000-00a0-ffff-ffff00000009"}
&amp#27;[35m[HTTP]&amp#27;[39m &amp#27;[37m<-- POST /wd/hub/session/1900ec2c-416d-476d-9ebe-0795afa97fa8/element &amp#27;[39m&amp#27;[32m200&amp#27;[39m &amp#27;[90m38 ms - 137&amp#27;[39m
&amp#27;[35m[HTTP]&amp#27;[39m &amp#27;[90m&amp#27;[39m
&amp#27;[35m[HTTP]&amp#27;[39m &amp#27;[37m-->&amp#27;[39m &amp#27;[37mGET&amp#27;[39m &amp#27;[37m/wd/hub/session/1900ec2c-416d-476d-9ebe-0795afa97fa8/element/00000000-0000-00a0-ffff-ffff00000009/text&amp#27;[39m
&amp#27;[35m[HTTP]&amp#27;[39m &amp#27;[90m{}&amp#27;[39m
&amp#27;[35m[AndroidUiautomator2Driver@08d9 (1900ec2c)]&amp#27;[39m Driver proxy active, passing request on via HTTP proxy
[debug] &amp#27;[35m[AndroidUiautomator2Driver@08d9 (1900ec2c)]&amp#27;[39m Matched '/wd/hub/session/1900ec2c-416d-476d-9ebe-0795afa97fa8/element/00000000-0000-00a0-ffff-ffff00000009/text' to command name 'getText'
[debug] &amp#27;[35m[AndroidUiautomator2Driver@08d9 (1900ec2c)]&amp#27;[39m Proxying [GET /wd/hub/session/1900ec2c-416d-476d-9ebe-0795afa97fa8/element/00000000-0000-00a0-ffff-ffff00000009/text] to [GET http://127.0.0.1:8200/session/db22a7c0-2320-4369-8011-1dc9eb44d7d6/element/00000000-0000-00a0-ffff-ffff00000009/text] with no body
[debug] &amp#27;[35m[AndroidUiautomator2Driver@08d9 (1900ec2c)]&amp#27;[39m Got response with status 200: {"sessionId":"db22a7c0-2320-4369-8011-1dc9eb44d7d6","value":"EN Button"}
&amp#27;[35m[AndroidUiautomator2Driver@08d9 (1900ec2c)]&amp#27;[39m Replacing sessionId db22a7c0-2320-4369-8011-1dc9eb44d7d6 with 1900ec2c-416d-476d-9ebe-0795afa97fa8
&amp#27;[35m[HTTP]&amp#27;[39m &amp#27;[37m<-- GET /wd/hub/session/1900ec2c-416d-476d-9ebe-0795afa97fa8/element/00000000-0000-00a0-ffff-ffff00000009/text &amp#27;[39m&amp#27;[32m200&amp#27;[39m &amp#27;[90m15 ms - 72&amp#27;[39m
&amp#27;[35m[HTTP]&amp#27;[39m &amp#27;[90m&amp#27;[39m
&amp#27;[35m[HTTP]&amp#27;[39m &amp#27;[37m-->&amp#27;[39m &amp#27;[37mGET&amp#27;[39m &amp#27;[37m/wd/hub/session/1900ec2c-416d-476d-9ebe-0795afa97fa8/context&amp#27;[39m
&amp#27;[35m[HTTP]&amp#27;[39m &amp#27;[90m{}&amp#27;[39m
[debug] &amp#27;[35m[AndroidUiautomator2Driver@08d9 (1900ec2c)]&amp#27;[39m Calling AppiumDriver.getCurrentContext() with args: ["1900ec2c-416d-476d-9ebe-0795afa97fa8"]
[...]
[debug] &amp#27;[35m[AndroidUiautomator2Driver@08d9 (1900ec2c)]&amp#27;[39m Responding to client with driver.findElements() result: [{"element-6066-11e4-a52e-4f735466cecf":"00000000-0000-00b0-ffff-ffff00000091","ELEMENT":"00000000-0000-00b0-ffff-ffff00000091"},{"element-6066-11e4-a52e-4f735466cecf":"00000000-0000-00b0-ffff-ffff00000092","ELEMENT":"00000000-0000-00b0-ffff-ffff00000092"},{"element-6066-11e4-a52e-4f735466cecf":"00000000-0000-00b0-ffff-ffff00000093","ELEMENT":"00000000-0000-00b0-ffff-ffff00000093"},{"element-6066-11e4-a52e-4f735466cecf":"00000000-0000-00b0-ffff-ffff00000094","ELEMENT":"00000000-0000-00b0-ffff-ffff00000094"},{"element-6066-11e4-a52e-4f735466cecf":"00000000-0000-00b0-ffff-ffff00000095","ELEMENT":"00000000-0000-00b0-ffff-ffff00000095"},{"element-6066-11e4-a52e-4f735466cecf":"00000000-0000-00b0-ffff-ffff00000096","ELEMENT":"00000000-0000-00b0-ffff-ffff00000096"},{"element-6066-11e4-a52e-4f735466cecf":"00000000-0000-00b0-ffff-ffff00000097","ELEMENT":"00000000-0000-00b0-ffff-ffff00000097"},{"element-6066-11e4-a52e-4f735466cecf":"00000000-0000-00b0-ffff-ffff00000098","ELEMENT":"00000000-0000-00b0-ffff-ffff0000009...
&amp#27;[35m[HTTP]&amp#27;[39m &amp#27;[37m<-- POST /wd/hub/session/1900ec2c-416d-476d-9ebe-0795afa97fa8/elements &amp#27;[39m&amp#27;[32m200&amp#27;[39m &amp#27;[90m36 ms - 1035&amp#27;[39m
&amp#27;[35m[HTTP]&amp#27;[39m &amp#27;[90m&amp#27;[39m
&amp#27;[35m[HTTP]&amp#27;[39m &amp#27;[37m-->&amp#27;[39m &amp#27;[37mGET&amp#27;[39m &amp#27;[37m/wd/hub/session/1900ec2c-416d-476d-9ebe-0795afa97fa8/element/00000000-0000-00b0-ffff-ffff00000098/text&amp#27;[39m
&amp#27;[35m[HTTP]&amp#27;[39m &amp#27;[90m{}&amp#27;[39m
&amp#27;[35m[AndroidUiautomator2Driver@08d9 (1900ec2c)]&amp#27;[39m Driver proxy active, passing request on via HTTP proxy
[debug] &amp#27;[35m[AndroidUiautomator2Driver@08d9 (1900ec2c)]&amp#27;[39m Matched '/wd/hub/session/1900ec2c-416d-476d-9ebe-0795afa97fa8/element/00000000-0000-00b0-ffff-ffff00000098/text' to command name 'getText'
[debug] &amp#27;[35m[AndroidUiautomator2Driver@08d9 (1900ec2c)]&amp#27;[39m Proxying [GET /wd/hub/session/1900ec2c-416d-476d-9ebe-0795afa97fa8/element/00000000-0000-00b0-ffff-ffff00000098/text] to [GET http://127.0.0.1:8200/session/db22a7c0-2320-4369-8011-1dc9eb44d7d6/element/00000000-0000-00b0-ffff-ffff00000098/text] with no body
[debug] &amp#27;[35m[AndroidUiautomator2Driver@08d9 (1900ec2c)]&amp#27;[39m Got response with status 200: {"sessionId":"db22a7c0-2320-4369-8011-1dc9eb44d7d6","value":"C#"}
&amp#27;[35m[AndroidUiautomator2Driver@08d9 (1900ec2c)]&amp#27;[39m Replacing sessionId db22a7c0-2320-4369-8011-1dc9eb44d7d6 with 1900ec2c-416d-476d-9ebe-0795afa97fa8
&amp#27;[35m[HTTP]&amp#27;[39m &amp#27;[37m<-- GET /wd/hub/session/1900ec2c-416d-476d-9ebe-0795afa97fa8/element/00000000-0000-00b0-ffff-ffff00000098/text &amp#27;[39m&amp#27;[32m200&amp#27;[39m &amp#27;[90m14 ms - 65&amp#27;[39m
&amp#27;[35m[HTTP]&amp#27;[39m &amp#27;[90m&amp#27;[39m
&amp#27;[35m[HTTP]&amp#27;[39m &amp#27;[37m-->&amp#27;[39m &amp#27;[37mPOST&amp#27;[39m &amp#27;[37m/wd/hub/session/1900ec2c-416d-476d-9ebe-0795afa97fa8/element/00000000-0000-00b0-ffff-ffff00000098/click&amp#27;[39m
&amp#27;[35m[HTTP]&amp#27;[39m &amp#27;[90m{"id":"00000000-0000-00b0-ffff-ffff00000098"}&amp#27;[39m
[debug] &amp#27;[35m[AndroidUiautomator2Driver@08d9 (1900ec2c)]&amp#27;[39m Calling AppiumDriver.click() with args: ["00000000-0000-00b0-ffff-ffff00000098","1900ec2c-416d-476d-9ebe-0795afa97fa8"]
[debug] &amp#27;[35m[AndroidUiautomator2Driver@08d9 (1900ec2c)]&amp#27;[39m Matched '/element/00000000-0000-00b0-ffff-ffff00000098/click' to command name 'click'
[debug] &amp#27;[35m[AndroidUiautomator2Driver@08d9 (1900ec2c)]&amp#27;[39m Proxying [POST /element/00000000-0000-00b0-ffff-ffff00000098/click] to [POST http://127.0.0.1:8200/session/db22a7c0-2320-4369-8011-1dc9eb44d7d6/element/00000000-0000-00b0-ffff-ffff00000098/click] with body: {"element":"00000000-0000-00b0-ffff-ffff00000098"}
[debug] &amp#27;[35m[AndroidUiautomator2Driver@08d9 (1900ec2c)]&amp#27;[39m Got response with status 200: {"sessionId":"db22a7c0-2320-4369-8011-1dc9eb44d7d6","value":null}
[debug] &amp#27;[35m[AndroidUiautomator2Driver@08d9 (1900ec2c)]&amp#27;[39m Responding to client with driver.click() result: null
&amp#27;[35m[HTTP]&amp#27;[39m &amp#27;[37m<-- POST /wd/hub/session/1900ec2c-416d-476d-9ebe-0795afa97fa8/element/00000000-0000-00b0-ffff-ffff00000098/click &amp#27;[39m&amp#27;[32m200&amp#27;[39m &amp#27;[90m687 ms - 14&amp#27;[39m
&amp#27;[35m[HTTP]&amp#27;[39m &amp#27;[90m&amp#27;[39m
&amp#27;[35m[HTTP]&amp#27;[39m &amp#27;[37m-->&amp#27;[39m &amp#27;[37mGET&amp#27;[39m &amp#27;[37m/wd/hub/session/1900ec2c-416d-476d-9ebe-0795afa97fa8/context&amp#27;[39m
&amp#27;[35m[HTTP]&amp#27;[39m &amp#27;[90m{}&amp#27;[39m
[debug] &amp#27;[35m[AndroidUiautomator2Driver@08d9 (1900ec2c)]&amp#27;[39m Calling AppiumDriver.getCurrentContext() with args: ["1900ec2c-416d-476d-9ebe-0795afa97fa8"]
[debug] &amp#27;[35m[AndroidUiautomator2Driver@08d9 (1900ec2c)]&amp#27;[39m Responding to client with driver.getCurrentContext() result: "NATIVE_APP"
&amp#27;[35m[HTTP]&amp#27;[39m &amp#27;[37m<-- GET /wd/hub/session/1900ec2c-416d-476d-9ebe-0795afa97fa8/context &amp#27;[39m&amp#27;[32m200&amp#27;[39m &amp#27;[90m1 ms - 22&amp#27;[39m
&amp#27;[35m[HTTP]&amp#27;[39m &amp#27;[90m&amp#27;[39m
&amp#27;[35m[HTTP]&amp#27;[39m &amp#27;[37m-->&amp#27;[39m &amp#27;[37mPOST&amp#27;[39m &amp#27;[37m/wd/hub/session/1900ec2c-416d-476d-9ebe-0795afa97fa8/element&amp#27;[39m
&amp#27;[35m[HTTP]&amp#27;[39m &amp#27;[90m{"using":"id","value":"input_adds"}&amp#27;[39m
[debug] &amp#27;[35m[AndroidUiautomator2Driver@08d9 (1900ec2c)]&amp#27;[39m Calling AppiumDriver.findElement() with args: ["id","input_adds","1900ec2c-416d-476d-9ebe-0795afa97fa8"]
[debug] &amp#27;[35m[AndroidUiautomator2Driver@08d9 (1900ec2c)]&amp#27;[39m Valid locator strategies for this request: xpath, id, class name, accessibility id, css selector, -android uiautomator
[debug] &amp#27;[35m[AndroidUiautomator2Driver@08d9 (1900ec2c)]&amp#27;[39m Waiting up to 5000 ms for condition
[debug] &amp#27;[35m[AndroidUiautomator2Driver@08d9 (1900ec2c)]&amp#27;[39m Matched '/element' to command name 'findElement'
[debug] &amp#27;[35m[AndroidUiautomator2Driver@08d9 (1900ec2c)]&amp#27;[39m Proxying [POST /element] to [POST http://127.0.0.1:8200/session/db22a7c0-2320-4369-8011-1dc9eb44d7d6/element] with body: {"strategy":"id","selector":"input_adds","context":"","multiple":false}
[debug] &amp#27;[35m[AndroidUiautomator2Driver@08d9 (1900ec2c)]&amp#27;[39m Got response with status 200: {"sessionId":"db22a7c0-2320-4369-8011-1dc9eb44d7d6","value":{"ELEMENT":"00000000-0000-00af-ffff-ffff0000007a","element-6066-11e4-a52e-4f735466cecf":"00000000-0000-00af-ffff-ffff0000007a"}}
[debug] &amp#27;[35m[AndroidUiautomator2Driver@08d9 (1900ec2c)]&amp#27;[39m Responding to client with driver.findElement() result: {"element-6066-11e4-a52e-4f735466cecf":"00000000-0000-00af-ffff-ffff0000007a","ELEMENT":"00000000-0000-00af-ffff-ffff0000007a"}
&amp#27;[35m[HTTP]&amp#27;[39m &amp#27;[37m<-- POST /wd/hub/session/1900ec2c-416d-476d-9ebe-0795afa97fa8/element &amp#27;[39m&amp#27;[32m200&amp#27;[39m &amp#27;[90m51 ms - 137&amp#27;[39m
&amp#27;[35m[HTTP]&amp#27;[39m &amp#27;[90m&amp#27;[39m
&amp#27;[35m[HTTP]&amp#27;[39m &amp#27;[37m-->&amp#27;[39m &amp#27;[37mPOST&amp#27;[39m &amp#27;[37m/wd/hub/session/1900ec2c-416d-476d-9ebe-0795afa97fa8/element/00000000-0000-00af-ffff-ffff0000007a/click&amp#27;[39m
&amp#27;[35m[HTTP]&amp#27;[39m &amp#27;[90m{"id":"00000000-0000-00af-ffff-ffff0000007a"}&amp#27;[39m
[debug] &amp#27;[35m[AndroidUiautomator2Driver@08d9 (1900ec2c)]&amp#27;[39m Calling AppiumDriver.click() with args: ["00000000-0000-00af-ffff-ffff0000007a","1900ec2c-416d-476d-9ebe-0795afa97fa8"]
[debug] &amp#27;[35m[AndroidUiautomator2Driver@08d9 (1900ec2c)]&amp#27;[39m Matched '/element/00000000-0000-00af-ffff-ffff0000007a/click' to command name 'click'
[debug] &amp#27;[35m[AndroidUiautomator2Driver@08d9 (1900ec2c)]&amp#27;[39m Proxying [POST /element/00000000-0000-00af-ffff-ffff0000007a/click] to [POST http://127.0.0.1:8200/session/db22a7c0-2320-4369-8011-1dc9eb44d7d6/element/00000000-0000-00af-ffff-ffff0000007a/click] with body: {"element":"00000000-0000-00af-ffff-ffff0000007a"}
[debug] &amp#27;[35m[AndroidUiautomator2Driver@08d9 (1900ec2c)]&amp#27;[39m Got response with status 200: {"sessionId":"db22a7c0-2320-4369-8011-1dc9eb44d7d6","value":null}
[debug] &amp#27;[35m[AndroidUiautomator2Driver@08d9 (1900ec2c)]&amp#27;[39m Responding to client with driver.click() result: null
&amp#27;[35m[HTTP]&amp#27;[39m &amp#27;[37m<-- POST /wd/hub/session/1900ec2c-416d-476d-9ebe-0795afa97fa8/element/00000000-0000-00af-ffff-ffff0000007a/click &amp#27;[39m&amp#27;[32m200&amp#27;[39m &amp#27;[90m43 ms - 14&amp#27;[39m
&amp#27;[35m[HTTP]&amp#27;[39m &amp#27;[90m&amp#27;[39m
&amp#27;[35m[HTTP]&amp#27;[39m &amp#27;[37m-->&amp#27;[39m &amp#27;[37mGET&amp#27;[39m &amp#27;[37m/wd/hub/session/1900ec2c-416d-476d-9ebe-0795afa97fa8/context&amp#27;[39m
&amp#27;[35m[HTTP]&amp#27;[39m &amp#27;[90m{}&amp#27;[39m
[debug] &amp#27;[35m[AndroidUiautomator2Driver@08d9 (1900ec2c)]&amp#27;[39m Calling AppiumDriver.getCurrentContext() with args: ["1900ec2c-416d-476d-9ebe-0795afa97fa8"]
[debug] &amp#27;[35m[AndroidUiautomator2Driver@08d9 (1900ec2c)]&amp#27;[39m Responding to client with driver.getCurrentContext() result: "NATIVE_APP"
&amp#27;[35m[HTTP]&amp#27;[39m &amp#27;[37m<-- GET /wd/hub/session/1900ec2c-416d-476d-9ebe-0795afa97fa8/context &amp#27;[39m&amp#27;[32m200&amp#27;[39m &amp#27;[90m2 ms - 22&amp#27;[39m
&amp#27;[35m[HTTP]&amp#27;[39m &amp#27;[90m&amp#27;[39m
&amp#27;[35m[HTTP]&amp#27;[39m &amp#27;[37m-->&amp#27;[39m &amp#27;[37mPOST&amp#27;[39m &amp#27;[37m/wd/hub/session/1900ec2c-416d-476d-9ebe-0795afa97fa8/element&amp#27;[39m
&amp#27;[35m[HTTP]&amp#27;[39m &amp#27;[90m{"using":"id","value":"btnRegisterUser"}&amp#27;[39m
[debug] &amp#27;[35m[AndroidUiautomator2Driver@08d9 (1900ec2c)]&amp#27;[39m Calling AppiumDriver.findElement() with args: ["id","btnRegisterUser","1900ec2c-416d-476d-9ebe-0795afa97fa8"]
[debug] &amp#27;[35m[AndroidUiautomator2Driver@08d9 (1900ec2c)]&amp#27;[39m Valid locator strategies for this request: xpath, id, class name, accessibility id, css selector, -android uiautomator
[debug] &amp#27;[35m[AndroidUiautomator2Driver@08d9 (1900ec2c)]&amp#27;[39m Waiting up to 5000 ms for condition
[debug] &amp#27;[35m[AndroidUiautomator2Driver@08d9 (1900ec2c)]&amp#27;[39m Matched '/element' to command name 'findElement'
[debug] &amp#27;[35m[AndroidUiautomator2Driver@08d9 (1900ec2c)]&amp#27;[39m Proxying [POST /element] to [POST http://127.0.0.1:8200/session/db22a7c0-2320-4369-8011-1dc9eb44d7d6/element] with body: {"strategy":"id","selector":"btnRegisterUser","context":"","multiple":false}
[debug] &amp#27;[35m[AndroidUiautomator2Driver@08d9 (1900ec2c)]&amp#27;[39m Got response with status 200: {"sessionId":"db22a7c0-2320-4369-8011-1dc9eb44d7d6","value":{"ELEMENT":"00000000-0000-00af-ffff-ffff0000007b","element-6066-11e4-a52e-4f735466cecf":"00000000-0000-00af-ffff-ffff0000007b"}}
[debug] &amp#27;[35m[AndroidUiautomator2Driver@08d9 (1900ec2c)]&amp#27;[39m Responding to client with driver.findElement() result: {"element-6066-11e4-a52e-4f735466cecf":"00000000-0000-00af-ffff-ffff0000007b","ELEMENT":"00000000-0000-00af-ffff-ffff0000007b"}
&amp#27;[35m[HTTP]&amp#27;[39m &amp#27;[37m<-- POST /wd/hub/session/1900ec2c-416d-476d-9ebe-0795afa97fa8/element &amp#27;[39m&amp#27;[32m200&amp#27;[39m &amp#27;[90m78 ms - 137&amp#27;[39m
&amp#27;[35m[HTTP]&amp#27;[39m &amp#27;[90m&amp#27;[39m
&amp#27;[35m[HTTP]&amp#27;[39m &amp#27;[37m-->&amp#27;[39m &amp#27;[37mPOST&amp#27;[39m &amp#27;[37m/wd/hub/session/1900ec2c-416d-476d-9ebe-0795afa97fa8/element/00000000-0000-00af-ffff-ffff0000007b/click&amp#27;[39m
&amp#27;[35m[HTTP]&amp#27;[39m &amp#27;[90m{"id":"00000000-0000-00af-ffff-ffff0000007b"}&amp#27;[39m
[debug] &amp#27;[35m[AndroidUiautomator2Driver@08d9 (1900ec2c)]&amp#27;[39m Calling AppiumDriver.click() with args: ["00000000-0000-00af-ffff-ffff0000007b","1900ec2c-416d-476d-9ebe-0795afa97fa8"]
[debug] &amp#27;[35m[AndroidUiautomator2Driver@08d9 (1900ec2c)]&amp#27;[39m Matched '/element/00000000-0000-00af-ffff-ffff0000007b/click' to command name 'click'
[debug] &amp#27;[35m[AndroidUiautomator2Driver@08d9 (1900ec2c)]&amp#27;[39m Proxying [POST /element/00000000-0000-00af-ffff-ffff0000007b/click] to [POST http://127.0.0.1:8200/session/db22a7c0-2320-4369-8011-1dc9eb44d7d6/element/00000000-0000-00af-ffff-ffff0000007b/click] with body: {"element":"00000000-0000-00af-ffff-ffff0000007b"}
[debug] &amp#27;[35m[AndroidUiautomator2Driver@08d9 (1900ec2c)]&amp#27;[39m Got response with status 200: {"sessionId":"db22a7c0-2320-4369-8011-1dc9eb44d7d6","value":null}
[debug] &amp#27;[35m[AndroidUiautomator2Driver@08d9 (1900ec2c)]&amp#27;[39m Responding to client with driver.click() result: null
&amp#27;[35m[HTTP]&amp#27;[39m &amp#27;[37m<-- POST /wd/hub/session/1900ec2c-416d-476d-9ebe-0795afa97fa8/element/00000000-0000-00af-ffff-ffff0000007b/click &amp#27;[39m&amp#27;[32m200&amp#27;[39m &amp#27;[90m607 ms - 14&amp#27;[39m
&amp#27;[35m[HTTP]&amp#27;[39m &amp#27;[90m&amp#27;[39m
&amp#27;[35m[HTTP]&amp#27;[39m &amp#27;[37m-->&amp#27;[39m &amp#27;[37mGET&amp#27;[39m &amp#27;[37m/wd/hub/session/1900ec2c-416d-476d-9ebe-0795afa97fa8/context&amp#27;[39m
&amp#27;[35m[HTTP]&amp#27;[39m &amp#27;[90m{}&amp#27;[39m
[debug] &amp#27;[35m[AndroidUiautomator2Driver@08d9 (1900ec2c)]&amp#27;[39m Calling AppiumDriver.getCurrentContext() with args: ["1900ec2c-416d-476d-9ebe-0795afa97fa8"]
[debug] &amp#27;[35m[AndroidUiautomator2Driver@08d9 (1900ec2c)]&amp#27;[39m Responding to client with driver.getCurrentContext() result: "NATIVE_APP"
&amp#27;[35m[HTTP]&amp#27;[39m &amp#27;[37m<-- GET /wd/hub/session/1900ec2c-416d-476d-9ebe-0795afa97fa8/context &amp#27;[39m&amp#27;[32m200&amp#27;[39m &amp#27;[90m1 ms - 22&amp#27;[39m
&amp#27;[35m[HTTP]&amp#27;[39m &amp#27;[90m&amp#27;[39m
&amp#27;[35m[HTTP]&amp#27;[39m &amp#27;[37m-->&amp#27;[39m &amp#27;[37mPOST&amp#27;[39m &amp#27;[37m/wd/hub/session/1900ec2c-416d-476d-9ebe-0795afa97fa8/element&amp#27;[39m
&amp#27;[35m[HTTP]&amp#27;[39m &amp#27;[90m{"using":"id","value":"buttonRegisterUser"}&amp#27;[39m
[debug] &amp#27;[35m[AndroidUiautomator2Driver@08d9 (1900ec2c)]&amp#27;[39m Calling AppiumDriver.findElement() with args: ["id","buttonRegisterUser","1900ec2c-416d-476d-9ebe-0795afa97fa8"]
[debug] &amp#27;[35m[AndroidUiautomator2Driver@08d9 (1900ec2c)]&amp#27;[39m Valid locator strategies for this request: xpath, id, class name, accessibility id, css selector, -android uiautomator
[debug] &amp#27;[35m[AndroidUiautomator2Driver@08d9 (1900ec2c)]&amp#27;[39m Waiting up to 5000 ms for condition
[debug] &amp#27;[35m[AndroidUiautomator2Driver@08d9 (1900ec2c)]&amp#27;[39m Matched '/element' to command name 'findElement'
[debug] &amp#27;[35m[AndroidUiautomator2Driver@08d9 (1900ec2c)]&amp#27;[39m Proxying [POST /element] to [POST http://127.0.0.1:8200/session/db22a7c0-2320-4369-8011-1dc9eb44d7d6/element] with body: {"strategy":"id","selector":"buttonRegisterUser","context":"","multiple":false}
&amp#27;[35m[AndroidUiautomator2Driver@08d9 (1900ec2c)]&amp#27;[39m Got response with status 404: {"sessionId":"db22a7c0-2320-4369-8011-1dc9eb44d7d6","value":{"error":"no such element","message":"An element could not be located on the page using the given search parameters","stacktrace":"io.appium.uiautomator2.common.exceptions.ElementNotFoundException: An element could not be located on the page using the given search parameters\n\tat io.appium.uiautomator2.handler.FindElement.safeHandle(FindElement.java:70)\n\tat io.appium.uiautomator2.handler.request.SafeRequestHandler.handle(SafeRequestHandler.java:59)\n\tat io.appium.uiautomator2.server.AppiumServlet.handleRequest(AppiumServlet.java:267)\n\tat io.appium.uiautomator2.server.AppiumServlet.handleHttpRequest(AppiumServlet.java:261)\n\tat io.appium.uiautomator2.http.ServerHandler.channelRead(ServerHandler.java:68)\n\tat io.netty.channel.AbstractChannelHandlerContext.invokeChannelRead(AbstractChannelHandlerContext.java:366)\n\tat io.netty.channel.AbstractChannelHandlerContext.invokeChannelRead(AbstractChannelHandlerContext.java:352)\n\tat io.netty.chann...
[debug] &amp#27;[35m[W3C]&amp#27;[39m Matched W3C error code 'no such element' to NoSuchElementError
[debug] &amp#27;[35m[AndroidUiautomator2Driver@08d9 (1900ec2c)]&amp#27;[39m Waited for 72 ms so far
[debug] &amp#27;[35m[AndroidUiautomator2Driver@08d9 (1900ec2c)]&amp#27;[39m Matched '/element' to command name 'findElement'
[debug] &amp#27;[35m[AndroidUiautomator2Driver@08d9 (1900ec2c)]&amp#27;[39m Proxying [POST /element] to [POST http://127.0.0.1:8200/session/db22a7c0-2320-4369-8011-1dc9eb44d7d6/element] with body: {"strategy":"id","selector":"buttonRegisterUser","context":"","multiple":false}
[debug] &amp#27;[35m[AndroidUiautomator2Driver@08d9 (1900ec2c)]&amp#27;[39m Got response with status 200: {"sessionId":"db22a7c0-2320-4369-8011-1dc9eb44d7d6","value":{"ELEMENT":"00000000-0000-00b1-ffff-ffff000000b5","element-6066-11e4-a52e-4f735466cecf":"00000000-0000-00b1-ffff-ffff000000b5"}}
[debug] &amp#27;[35m[AndroidUiautomator2Driver@08d9 (1900ec2c)]&amp#27;[39m Responding to client with driver.findElement() result: {"element-6066-11e4-a52e-4f735466cecf":"00000000-0000-00b1-ffff-ffff000000b5","ELEMENT":"00000000-0000-00b1-ffff-ffff000000b5"}
&amp#27;[35m[HTTP]&amp#27;[39m &amp#27;[37m<-- POST /wd/hub/session/1900ec2c-416d-476d-9ebe-0795afa97fa8/element &amp#27;[39m&amp#27;[32m200&amp#27;[39m &amp#27;[90m898 ms - 137&amp#27;[39m
&amp#27;[35m[HTTP]&amp#27;[39m &amp#27;[90m&amp#27;[39m
&amp#27;[35m[HTTP]&amp#27;[39m &amp#27;[37m-->&amp#27;[39m &amp#27;[37mPOST&amp#27;[39m &amp#27;[37m/wd/hub/session/1900ec2c-416d-476d-9ebe-0795afa97fa8/element/00000000-0000-00b1-ffff-ffff000000b5/click&amp#27;[39m
&amp#27;[35m[HTTP]&amp#27;[39m &amp#27;[90m{"id":"00000000-0000-00b1-ffff-ffff000000b5"}&amp#27;[39m
[debug] &amp#27;[35m[AndroidUiautomator2Driver@08d9 (1900ec2c)]&amp#27;[39m Calling AppiumDriver.click() with args: ["00000000-0000-00b1-ffff-ffff000000b5","1900ec2c-416d-476d-9ebe-0795afa97fa8"]
[debug] &amp#27;[35m[AndroidUiautomator2Driver@08d9 (1900ec2c)]&amp#27;[39m Matched '/element/00000000-0000-00b1-ffff-ffff000000b5/click' to command name 'click'
[debug] &amp#27;[35m[AndroidUiautomator2Driver@08d9 (1900ec2c)]&amp#27;[39m Proxying [POST /element/00000000-0000-00b1-ffff-ffff000000b5/click] to [POST http://127.0.0.1:8200/session/db22a7c0-2320-4369-8011-1dc9eb44d7d6/element/00000000-0000-00b1-ffff-ffff000000b5/click] with body: {"element":"00000000-0000-00b1-ffff-ffff000000b5"}
[debug] &amp#27;[35m[AndroidUiautomator2Driver@08d9 (1900ec2c)]&amp#27;[39m Got response with status 200: {"sessionId":"db22a7c0-2320-4369-8011-1dc9eb44d7d6","value":null}
[debug] &amp#27;[35m[AndroidUiautomator2Driver@08d9 (1900ec2c)]&amp#27;[39m Responding to client with driver.click() result: null
&amp#27;[35m[HTTP]&amp#27;[39m &amp#27;[37m<-- POST /wd/hub/session/1900ec2c-416d-476d-9ebe-0795afa97fa8/element/00000000-0000-00b1-ffff-ffff000000b5/click &amp#27;[39m&amp#27;[32m200&amp#27;[39m &amp#27;[90m44 ms - 14&amp#27;[39m
&amp#27;[35m[HTTP]&amp#27;[39m &amp#27;[90m&amp#27;[39m
]]></system-out>
  </testcase>
</testsuite>