<?xml version="1.0" encoding="UTF-8"?>
<testng-results ignored="0" total="4" passed="4" failed="0" skipped="0">
  <reporter-output>
  </reporter-output>
  <suite started-at="2023-01-12T02:10:45 IST" name="All Test Suite" finished-at="2023-01-12T02:11:49 IST" duration-ms="63994">
    <groups>
    </groups>
    <test started-at="2023-01-12T02:10:45 IST" name="/Users/AshishSrivastava/Automation/SampleProject" finished-at="2023-01-12T02:11:49 IST" duration-ms="63994">
      <class name="com.sample.testScript.Scripts">
        <test-method is-config="true" signature="initializeDriver()[pri:0, instance:com.sample.testScript.Scripts@1f9f6368]" started-at="2023-01-12T02:10:30 IST" name="initializeDriver" finished-at="2023-01-12T02:10:45 IST" duration-ms="15210" status="PASS">
          <reporter-output>
          </reporter-output>
        </test-method> <!-- initializeDriver -->
        <test-method is-config="true" signature="handleWarning()[pri:0, instance:com.sample.testScript.Scripts@1f9f6368]" started-at="2023-01-12T02:10:45 IST" name="handleWarning" finished-at="2023-01-12T02:10:51 IST" duration-ms="6015" status="PASS">
          <reporter-output>
          </reporter-output>
        </test-method> <!-- handleWarning -->
        <test-method signature="verifyAllElementsOnHomePage()[pri:1, instance:com.sample.testScript.Scripts@1f9f6368]" started-at="2023-01-12T02:10:51 IST" name="verifyAllElementsOnHomePage" finished-at="2023-01-12T02:10:53 IST" duration-ms="1631" status="PASS">
          <reporter-output>
          </reporter-output>
        </test-method> <!-- verifyAllElementsOnHomePage -->
        <test-method signature="validateAllActionsOnHomePage()[pri:2, instance:com.sample.testScript.Scripts@1f9f6368]" started-at="2023-01-12T02:10:53 IST" name="validateAllActionsOnHomePage" finished-at="2023-01-12T02:11:29 IST" duration-ms="36146" status="PASS">
          <reporter-output>
          </reporter-output>
        </test-method> <!-- validateAllActionsOnHomePage -->
        <test-method signature="verifyAndFillWebViewPage()[pri:3, instance:com.sample.testScript.Scripts@1f9f6368]" started-at="2023-01-12T02:11:29 IST" name="verifyAndFillWebViewPage" finished-at="2023-01-12T02:11:35 IST" duration-ms="6091" status="PASS">
          <reporter-output>
          </reporter-output>
        </test-method> <!-- verifyAndFillWebViewPage -->
        <test-method signature="registerForNewUser()[pri:4, instance:com.sample.testScript.Scripts@1f9f6368]" started-at="2023-01-12T02:11:35 IST" name="registerForNewUser" finished-at="2023-01-12T02:11:47 IST" duration-ms="11512" status="PASS">
          <reporter-output>
          </reporter-output>
        </test-method> <!-- registerForNewUser -->
        <test-method is-config="true" signature="stopServer()[pri:0, instance:com.sample.testScript.Scripts@1f9f6368]" started-at="2023-01-12T02:11:47 IST" name="stopServer" finished-at="2023-01-12T02:11:49 IST" duration-ms="2538" status="PASS">
          <reporter-output>
          </reporter-output>
        </test-method> <!-- stopServer -->
      </class> <!-- com.sample.testScript.Scripts -->
    </test> <!-- /Users/AshishSrivastava/Automation/SampleProject -->
  </suite> <!-- All Test Suite -->
</testng-results>
