<?xml version="1.0" encoding="UTF-8"?>
<!-- Generated by org.testng.reporters.JUnitXMLReporter -->
<testsuite ignored="0" hostname="HME348-MAC.local" failures="0" tests="4" name="/Users/AshishSrivastava/Automation/SampleProject" time="63.994" errors="0" timestamp="2023-01-12T02:11:49 IST">
  <testcase classname="com.sample.testScript.Scripts" name="verifyAllElementsOnHomePage" time="1.631"/>
  <testcase classname="com.sample.testScript.Scripts" name="validateAllActionsOnHomePage" time="36.146"/>
  <testcase classname="com.sample.testScript.Scripts" name="verifyAndFillWebViewPage" time="6.091"/>
  <testcase classname="com.sample.testScript.Scripts" name="registerForNewUser" time="11.512"/>
</testsuite> <!-- /Users/AshishSrivastava/Automation/SampleProject -->
